<?xml version="1.0" encoding="utf-8"?>
<TestRun id="03e806e1-ee60-453c-8182-3ab51422224e" name="micha@DESKTOP-TCPMHJ0 2025-08-25 09:00:29" runUser="DESKTOP-TCPMHJ0\micha" xmlns="http://microsoft.com/schemas/VisualStudio/TeamTest/2010">
  <Times creation="2025-08-25T09:00:29.6873653-07:00" queuing="2025-08-25T09:00:29.6873656-07:00" start="2025-08-25T09:00:29.0831067-07:00" finish="2025-08-25T09:00:31.3128076-07:00" />
  <TestSettings name="default" id="3645b975-a0f7-410e-aecc-ec36816c3861">
    <Deployment runDeploymentRoot="micha_DESKTOP-TCPMHJ0_2025-08-25_09_00_29" />
  </TestSettings>
  <Results>
    <UnitTestResult executionId="b6626ac9-77ee-405d-8612-2e2b8c637a11" testId="64e122c6-4419-cd81-62fb-282047e625ce" testName="AISwarm.Tests.Services.LocalAgentServiceTests.WhenUpdatingHeartbeat_ShouldUpdateLastHeartbeatTime" computerName="DESKTOP-TCPMHJ0" duration="00:00:00.0007651" startTime="2025-08-25T09:00:30.5202316-07:00" endTime="2025-08-25T09:00:30.5202317-07:00" testType="13cdc9d9-ddb5-4fa4-a97d-d965ccfc6d4b" outcome="Passed" testListId="8c84fa94-04c1-424b-9868-57a2d4851a1d" relativeResultsDirectory="b6626ac9-77ee-405d-8612-2e2b8c637a11" />
    <UnitTestResult executionId="f08496e4-7caa-48f5-9118-d12b999416ed" testId="506a8d70-19ab-b3e5-5664-ff02aff5b8b2" testName="AISwarm.Tests.McpTools.CreateTaskMcpToolTests.WhenCreatingUnassignedTask_ShouldCreateTaskWithNullAgentId" computerName="DESKTOP-TCPMHJ0" duration="00:00:00.0011149" startTime="2025-08-25T09:00:30.5146912-07:00" endTime="2025-08-25T09:00:30.5146913-07:00" testType="13cdc9d9-ddb5-4fa4-a97d-d965ccfc6d4b" outcome="Passed" testListId="8c84fa94-04c1-424b-9868-57a2d4851a1d" relativeResultsDirectory="f08496e4-7caa-48f5-9118-d12b999416ed" />
    <UnitTestResult executionId="fed6d271-f844-4590-9a32-ccf17c69d168" testId="48b3d3a4-b419-3096-3729-59bb799cc6a1" testName="AISwarm.Tests.Services.LocalAgentServiceTests.WhenKillingAgentWithInProgressTasks_ShouldFailDanglingTasks" computerName="DESKTOP-TCPMHJ0" duration="00:00:00.0161062" startTime="2025-08-25T09:00:30.5038600-07:00" endTime="2025-08-25T09:00:30.5038604-07:00" testType="13cdc9d9-ddb5-4fa4-a97d-d965ccfc6d4b" outcome="Passed" testListId="8c84fa94-04c1-424b-9868-57a2d4851a1d" relativeResultsDirectory="fed6d271-f844-4590-9a32-ccf17c69d168" />
    <UnitTestResult executionId="4bb5013a-1d06-4f7d-8141-e2579b26d1ec" testId="41dcdc82-92b7-98ed-077c-2ffb9b0b85ed" testName="AISwarm.Tests.Database.DatabaseScopeTests.WhenUsingReadScope_ShouldReturnData" computerName="DESKTOP-TCPMHJ0" duration="00:00:00.0198514" startTime="2025-08-25T09:00:30.4808232-07:00" endTime="2025-08-25T09:00:30.4808233-07:00" testType="13cdc9d9-ddb5-4fa4-a97d-d965ccfc6d4b" outcome="Passed" testListId="8c84fa94-04c1-424b-9868-57a2d4851a1d" relativeResultsDirectory="4bb5013a-1d06-4f7d-8141-e2579b26d1ec" />
    <UnitTestResult executionId="ac0cfc98-3dd7-429e-a5cb-507923ca9618" testId="cf044a0d-5dc4-497d-52c7-950a959af1ff" testName="AISwarm.Tests.Commands.LaunchAgentCommandHandlerTests.WhenMonitorEnabledAndAgentRegistered_ShouldAppendCorrectMcpToolInstructions" computerName="DESKTOP-TCPMHJ0" duration="00:00:00.0009840" startTime="2025-08-25T09:00:30.5220401-07:00" endTime="2025-08-25T09:00:30.5220402-07:00" testType="13cdc9d9-ddb5-4fa4-a97d-d965ccfc6d4b" outcome="Passed" testListId="8c84fa94-04c1-424b-9868-57a2d4851a1d" relativeResultsDirectory="ac0cfc98-3dd7-429e-a5cb-507923ca9618" />
    <UnitTestResult executionId="1c034d3c-144c-4c61-aa50-6052c5ead23f" testId="03e29b1e-dba1-8377-d990-e74edb7220da" testName="AISwarm.Tests.McpTools.AgentManagementMcpToolTests.KillAgentAsync_WhenAgentNotFound_ShouldReturnFailure" computerName="DESKTOP-TCPMHJ0" duration="00:00:00.4782337" startTime="2025-08-25T09:00:30.4984002-07:00" endTime="2025-08-25T09:00:30.4984003-07:00" testType="13cdc9d9-ddb5-4fa4-a97d-d965ccfc6d4b" outcome="Passed" testListId="8c84fa94-04c1-424b-9868-57a2d4851a1d" relativeResultsDirectory="1c034d3c-144c-4c61-aa50-6052c5ead23f" />
    <UnitTestResult executionId="be796891-c3c9-4457-b61d-ca047f9d10e2" testId="93c158f4-3154-807b-1571-0afc9a09dc92" testName="AISwarm.Tests.McpTools.GetTaskMcpToolTests.GetTasksByAgentIdAndStatusAsync_WhenNoTasksMatch_ShouldReturnEmptyArray(agentId: &quot;non-existent-agent&quot;, status: &quot;Completed&quot;)" computerName="DESKTOP-TCPMHJ0" duration="00:00:00.0006594" startTime="2025-08-25T09:00:30.5302422-07:00" endTime="2025-08-25T09:00:30.5302423-07:00" testType="13cdc9d9-ddb5-4fa4-a97d-d965ccfc6d4b" outcome="Passed" testListId="8c84fa94-04c1-424b-9868-57a2d4851a1d" relativeResultsDirectory="be796891-c3c9-4457-b61d-ca047f9d10e2" />
    <UnitTestResult executionId="d987648d-f240-4c7e-8d2f-e283c82e7cdf" testId="05261054-db00-16ec-b233-16b651370603" testName="AISwarm.Tests.McpTools.AgentManagementMcpToolTests.LaunchAgentAsync_WhenInvalidAgentType_ShouldReturnFailure" computerName="DESKTOP-TCPMHJ0" duration="00:00:00.0007054" startTime="2025-08-25T09:00:30.5161153-07:00" endTime="2025-08-25T09:00:30.5161154-07:00" testType="13cdc9d9-ddb5-4fa4-a97d-d965ccfc6d4b" outcome="Passed" testListId="8c84fa94-04c1-424b-9868-57a2d4851a1d" relativeResultsDirectory="d987648d-f240-4c7e-8d2f-e283c82e7cdf" />
    <UnitTestResult executionId="4bdb4d6a-9af1-4608-808c-8e6cc8a5550d" testId="e7bdfa22-72c8-d71e-f32d-59f8972479be" testName="AISwarm.Tests.Services.LocalAgentServiceTests.WhenRegisteringAgent_ShouldCreateAgentWithUniqueId" computerName="DESKTOP-TCPMHJ0" duration="00:00:00.0007429" startTime="2025-08-25T09:00:30.5194202-07:00" endTime="2025-08-25T09:00:30.5194203-07:00" testType="13cdc9d9-ddb5-4fa4-a97d-d965ccfc6d4b" outcome="Passed" testListId="8c84fa94-04c1-424b-9868-57a2d4851a1d" relativeResultsDirectory="4bdb4d6a-9af1-4608-808c-8e6cc8a5550d" />
    <UnitTestResult executionId="dd867d7a-913a-444f-be6c-83edc8b054e7" testId="aeea24c3-078e-0b6d-ca42-106f5e9ffd6d" testName="AISwarm.Tests.McpTools.GetTaskMcpToolTests.GetTasksByAgentIdAndStatusAsync_WhenNoTasksMatch_ShouldReturnEmptyArray(agentId: &quot;agent-2&quot;, status: &quot;InProgress&quot;)" computerName="DESKTOP-TCPMHJ0" duration="00:00:00.0004563" startTime="2025-08-25T09:00:30.5307273-07:00" endTime="2025-08-25T09:00:30.5307274-07:00" testType="13cdc9d9-ddb5-4fa4-a97d-d965ccfc6d4b" outcome="Passed" testListId="8c84fa94-04c1-424b-9868-57a2d4851a1d" relativeResultsDirectory="dd867d7a-913a-444f-be6c-83edc8b054e7" />
    <UnitTestResult executionId="0ed9f3ad-ff1b-454c-b68b-6ab8b9ceb50a" testId="a69df595-f050-8b93-fab4-9e37b0e86f19" testName="AISwarm.Tests.McpTools.ReportTaskCompletionMcpToolTests.ReportTaskFailureAsync_WhenTaskExists_ShouldMarkTaskAsFailed" computerName="DESKTOP-TCPMHJ0" duration="00:00:00.0030657" startTime="2025-08-25T09:00:30.5043200-07:00" endTime="2025-08-25T09:00:30.5043200-07:00" testType="13cdc9d9-ddb5-4fa4-a97d-d965ccfc6d4b" outcome="Passed" testListId="8c84fa94-04c1-424b-9868-57a2d4851a1d" relativeResultsDirectory="0ed9f3ad-ff1b-454c-b68b-6ab8b9ceb50a" />
    <UnitTestResult executionId="4662810a-9dcb-4485-b969-4cba1f150f1d" testId="c8b7bb12-9e23-d84e-c977-f6d46202800e" testName="AISwarm.Tests.Commands.LaunchAgentCommandHandlerTests.WhenDirectorySpecifiedWithoutWorktree_ShouldUseDirectoryForContext" computerName="DESKTOP-TCPMHJ0" duration="00:00:00.0007530" startTime="2025-08-25T09:00:30.5201302-07:00" endTime="2025-08-25T09:00:30.5201303-07:00" testType="13cdc9d9-ddb5-4fa4-a97d-d965ccfc6d4b" outcome="Passed" testListId="8c84fa94-04c1-424b-9868-57a2d4851a1d" relativeResultsDirectory="4662810a-9dcb-4485-b969-4cba1f150f1d" />
    <UnitTestResult executionId="c8054c55-3687-49b2-8fbf-c0f37738440a" testId="f2dcce64-f19d-ddd2-705b-98f621688e92" testName="AISwarm.Tests.McpTools.AgentManagementMcpToolTests.LaunchAgentAsync_WhenYoloIsTrue_ShouldPassYoloToGeminiService" computerName="DESKTOP-TCPMHJ0" duration="00:00:00.0051998" startTime="2025-08-25T09:00:30.5034079-07:00" endTime="2025-08-25T09:00:30.5034080-07:00" testType="13cdc9d9-ddb5-4fa4-a97d-d965ccfc6d4b" outcome="Passed" testListId="8c84fa94-04c1-424b-9868-57a2d4851a1d" relativeResultsDirectory="c8054c55-3687-49b2-8fbf-c0f37738440a" />
    <UnitTestResult executionId="8859bf55-247c-4275-b4d2-64923358efa2" testId="cd1b6a4c-ccf4-8257-ae02-3aa7e26ff0b3" testName="AISwarm.Tests.Commands.LaunchAgentCommandHandlerTests.WhenDryRun_ShouldNotCreateContextOrLaunch" computerName="DESKTOP-TCPMHJ0" duration="00:00:00.0058094" startTime="2025-08-25T09:00:30.5067353-07:00" endTime="2025-08-25T09:00:30.5067354-07:00" testType="13cdc9d9-ddb5-4fa4-a97d-d965ccfc6d4b" outcome="Passed" testListId="8c84fa94-04c1-424b-9868-57a2d4851a1d" relativeResultsDirectory="8859bf55-247c-4275-b4d2-64923358efa2" />
    <UnitTestResult executionId="7fbbec6e-858e-42f4-9702-3a2244e5dab6" testId="5a2a1e11-215d-3aa1-3429-2021c809e298" testName="AISwarm.Tests.Database.CoordinationDbContextTests.WhenUpdatingHeartbeat_ShouldPersistChanges" computerName="DESKTOP-TCPMHJ0" duration="00:00:00.0012428" startTime="2025-08-25T09:00:30.5028000-07:00" endTime="2025-08-25T09:00:30.5028001-07:00" testType="13cdc9d9-ddb5-4fa4-a97d-d965ccfc6d4b" outcome="Passed" testListId="8c84fa94-04c1-424b-9868-57a2d4851a1d" relativeResultsDirectory="7fbbec6e-858e-42f4-9702-3a2244e5dab6" />
    <UnitTestResult executionId="202923f5-3bf5-42bb-8228-2941fbcf8879" testId="e4679b1c-7aca-c7e2-cd2b-930d5dd284f9" testName="AISwarm.Tests.McpTools.GetTaskMcpToolTests.GetTaskStatusAsync_WhenTaskHasAgentId_ShouldReturnAgentIdForAllStatuses(statusName: &quot;Pending&quot;)" computerName="DESKTOP-TCPMHJ0" duration="00:00:00.0004200" startTime="2025-08-25T09:00:30.5325274-07:00" endTime="2025-08-25T09:00:30.5325275-07:00" testType="13cdc9d9-ddb5-4fa4-a97d-d965ccfc6d4b" outcome="Passed" testListId="8c84fa94-04c1-424b-9868-57a2d4851a1d" relativeResultsDirectory="202923f5-3bf5-42bb-8228-2941fbcf8879" />
    <UnitTestResult executionId="96e389be-f8c0-40d7-9aee-22bd8a78d24b" testId="2fc66c8c-f413-0411-dd1d-15a126999814" testName="AISwarm.Tests.Services.LocalAgentServiceTests.WhenCheckingHealthOfUnknownAgent_ShouldReturnNull" computerName="DESKTOP-TCPMHJ0" duration="00:00:00.0006363" startTime="2025-08-25T09:00:30.5109813-07:00" endTime="2025-08-25T09:00:30.5109813-07:00" testType="13cdc9d9-ddb5-4fa4-a97d-d965ccfc6d4b" outcome="Passed" testListId="8c84fa94-04c1-424b-9868-57a2d4851a1d" relativeResultsDirectory="96e389be-f8c0-40d7-9aee-22bd8a78d24b" />
    <UnitTestResult executionId="2f2aaa96-ca0c-4804-892d-e87ef7f41048" testId="0da4ed1d-2df9-b29d-f99a-590fca4d6eb4" testName="AISwarm.Tests.Commands.InitCommandHandlerTests.WhenInitializingDirectory_ShouldCreateTemplatePersonaFile" computerName="DESKTOP-TCPMHJ0" duration="00:00:00.0018126" startTime="2025-08-25T09:00:29.6742131-07:00" endTime="2025-08-25T09:00:29.6742131-07:00" testType="13cdc9d9-ddb5-4fa4-a97d-d965ccfc6d4b" outcome="Passed" testListId="8c84fa94-04c1-424b-9868-57a2d4851a1d" relativeResultsDirectory="2f2aaa96-ca0c-4804-892d-e87ef7f41048" />
    <UnitTestResult executionId="d07506fd-3469-48f3-b189-047cee11d0a0" testId="f5cd67ce-52d2-cc1c-320a-ad781db584ca" testName="AISwarm.Tests.McpTools.GetTaskMcpToolTests.GetTasksByAgentIdAsync_WhenNoTasksForAgent_ShouldReturnEmptyArray(agentId: &quot;non-existent-agent&quot;)" computerName="DESKTOP-TCPMHJ0" duration="00:00:00.0008290" startTime="2025-08-25T09:00:30.5222970-07:00" endTime="2025-08-25T09:00:30.5222971-07:00" testType="13cdc9d9-ddb5-4fa4-a97d-d965ccfc6d4b" outcome="Passed" testListId="8c84fa94-04c1-424b-9868-57a2d4851a1d" relativeResultsDirectory="d07506fd-3469-48f3-b189-047cee11d0a0" />
    <UnitTestResult executionId="2bf60181-9547-4e83-a102-22e9775d40cb" testId="a54cc9ca-0d31-06f3-712b-e47a0aaecabd" testName="AISwarm.Tests.McpTools.CreateTaskMcpToolTests.WhenCreatingTaskForNonExistentAgent_ShouldReturnFailureResult" computerName="DESKTOP-TCPMHJ0" duration="00:00:00.9141032" startTime="2025-08-25T09:00:30.4985270-07:00" endTime="2025-08-25T09:00:30.4985271-07:00" testType="13cdc9d9-ddb5-4fa4-a97d-d965ccfc6d4b" outcome="Passed" testListId="8c84fa94-04c1-424b-9868-57a2d4851a1d" relativeResultsDirectory="2bf60181-9547-4e83-a102-22e9775d40cb" />
    <UnitTestResult executionId="566e265e-8f04-41d8-8987-d8a32a713ec0" testId="617ae03d-cd75-7404-36e6-5ae1ed9baaf6" testName="AISwarm.Tests.McpTools.GetNextTaskMcpToolTests.WhenMultipleAssignedTasksWithDifferentPriorities_ShouldReturnHighestPriorityFirst" computerName="DESKTOP-TCPMHJ0" duration="00:00:00.0011636" startTime="2025-08-25T09:00:30.8205054-07:00" endTime="2025-08-25T09:00:30.8205055-07:00" testType="13cdc9d9-ddb5-4fa4-a97d-d965ccfc6d4b" outcome="Passed" testListId="8c84fa94-04c1-424b-9868-57a2d4851a1d" relativeResultsDirectory="566e265e-8f04-41d8-8987-d8a32a713ec0" />
    <UnitTestResult executionId="c4ed338f-86c2-49fa-9893-895c45d306d7" testId="9d060dd6-c603-dc14-b969-73920af6dc91" testName="AISwarm.Tests.McpTools.GetNextTaskMcpToolTests.WhenAgentHasNoTasksAndPollingTimeoutExpires_ShouldReturnNoTasksAfterWaiting" computerName="DESKTOP-TCPMHJ0" duration="00:00:00.0617836" startTime="2025-08-25T09:00:30.6921451-07:00" endTime="2025-08-25T09:00:30.6921458-07:00" testType="13cdc9d9-ddb5-4fa4-a97d-d965ccfc6d4b" outcome="Passed" testListId="8c84fa94-04c1-424b-9868-57a2d4851a1d" relativeResultsDirectory="c4ed338f-86c2-49fa-9893-895c45d306d7" />
    <UnitTestResult executionId="8260f095-3281-4908-ab37-5b979f4d6d3b" testId="b35f7e0a-3f3d-3fc4-eed9-d0c284ac93a0" testName="AISwarm.Tests.McpTools.GetTaskMcpToolTests.GetTasksByStatusAsync_WhenTasksExistWithStatus_ShouldReturnFilteredTasks(statusFilter: &quot;Failed&quot;)" computerName="DESKTOP-TCPMHJ0" duration="00:00:00.0011726" startTime="2025-08-25T09:00:30.5085551-07:00" endTime="2025-08-25T09:00:30.5085552-07:00" testType="13cdc9d9-ddb5-4fa4-a97d-d965ccfc6d4b" outcome="Passed" testListId="8c84fa94-04c1-424b-9868-57a2d4851a1d" relativeResultsDirectory="8260f095-3281-4908-ab37-5b979f4d6d3b" />
    <UnitTestResult executionId="4e291463-9d20-4ed5-b02f-70b5affeec2d" testId="684288b2-8bc4-cc4d-560c-caa61811dfb4" testName="AISwarm.Tests.McpTools.GetTaskMcpToolTests.GetTaskStatusAsync_WhenTaskHasEmptyAgentId_ShouldReturnEmptyAgentIdForAllStatuses(statusName: &quot;InProgress&quot;)" computerName="DESKTOP-TCPMHJ0" duration="00:00:00.8786669" startTime="2025-08-25T09:00:30.4631823-07:00" endTime="2025-08-25T09:00:30.4631826-07:00" testType="13cdc9d9-ddb5-4fa4-a97d-d965ccfc6d4b" outcome="Passed" testListId="8c84fa94-04c1-424b-9868-57a2d4851a1d" relativeResultsDirectory="4e291463-9d20-4ed5-b02f-70b5affeec2d" />
    <UnitTestResult executionId="90ea0150-a9da-4fc3-80e6-a3700bc5d2bd" testId="bd221b59-f706-ab2c-6699-f87d63c128a7" testName="AISwarm.Tests.McpTools.GetTaskMcpToolTests.GetTasksByAgentIdAsync_WhenTasksHaveTimestamps_ShouldReturnTimestampFields" computerName="DESKTOP-TCPMHJ0" duration="00:00:00.0012929" startTime="2025-08-25T09:00:30.5345504-07:00" endTime="2025-08-25T09:00:30.5345505-07:00" testType="13cdc9d9-ddb5-4fa4-a97d-d965ccfc6d4b" outcome="Passed" testListId="8c84fa94-04c1-424b-9868-57a2d4851a1d" relativeResultsDirectory="90ea0150-a9da-4fc3-80e6-a3700bc5d2bd" />
    <UnitTestResult executionId="eda7ed90-5737-43e3-af7b-b8f86c9f6da8" testId="bbb822db-5b8d-6ce7-9e28-e8da1a19f35a" testName="AISwarm.Tests.Services.LocalAgentServiceTests.WhenRegisteringAgentWithMinimalFields_ShouldSetRequiredPropertiesOnly" computerName="DESKTOP-TCPMHJ0" duration="00:00:00.8763888" startTime="2025-08-25T09:00:30.4608795-07:00" endTime="2025-08-25T09:00:30.4608796-07:00" testType="13cdc9d9-ddb5-4fa4-a97d-d965ccfc6d4b" outcome="Passed" testListId="8c84fa94-04c1-424b-9868-57a2d4851a1d" relativeResultsDirectory="eda7ed90-5737-43e3-af7b-b8f86c9f6da8" />
    <UnitTestResult executionId="b9fc6cd3-7d63-4fe2-b845-d907328c0aeb" testId="78e30a20-5e5d-d520-7315-4f8d3e71b086" testName="AISwarm.Tests.McpTools.GetNextTaskMcpToolTests.WhenTaskAlreadyClaimed_ShouldReturnNoTasksAvailable" computerName="DESKTOP-TCPMHJ0" duration="00:00:00.1232638" startTime="2025-08-25T09:00:30.8157561-07:00" endTime="2025-08-25T09:00:30.8157570-07:00" testType="13cdc9d9-ddb5-4fa4-a97d-d965ccfc6d4b" outcome="Passed" testListId="8c84fa94-04c1-424b-9868-57a2d4851a1d" relativeResultsDirectory="b9fc6cd3-7d63-4fe2-b845-d907328c0aeb" />
    <UnitTestResult executionId="10a666bd-35fe-4440-bad9-3d70e197af88" testId="e16b6948-f207-467d-c5f8-0f452d543f30" testName="AISwarm.Tests.McpTools.GetTaskMcpToolTests.GetTasksByAgentIdAsync_WhenNoTasksForAgent_ShouldReturnEmptyArray(agentId: &quot;   &quot;)" computerName="DESKTOP-TCPMHJ0" duration="00:00:00.0005452" startTime="2025-08-25T09:00:30.5228734-07:00" endTime="2025-08-25T09:00:30.5228735-07:00" testType="13cdc9d9-ddb5-4fa4-a97d-d965ccfc6d4b" outcome="Passed" testListId="8c84fa94-04c1-424b-9868-57a2d4851a1d" relativeResultsDirectory="10a666bd-35fe-4440-bad9-3d70e197af88" />
    <UnitTestResult executionId="a0c4d066-5b31-4927-8bc5-b2a6249c8ab3" testId="b72cec9f-f4da-6e37-fd5f-e5e944f66b4a" testName="AISwarm.Tests.McpTools.GetTaskMcpToolTests.GetTasksByAgentIdAsync_WhenSearchingForNullAgentId_ShouldReturnTasksWithNullAgentId" computerName="DESKTOP-TCPMHJ0" duration="00:00:00.0013403" startTime="2025-08-25T09:00:30.5190279-07:00" endTime="2025-08-25T09:00:30.5190279-07:00" testType="13cdc9d9-ddb5-4fa4-a97d-d965ccfc6d4b" outcome="Passed" testListId="8c84fa94-04c1-424b-9868-57a2d4851a1d" relativeResultsDirectory="a0c4d066-5b31-4927-8bc5-b2a6249c8ab3" />
    <UnitTestResult executionId="1a0592fb-2aba-4d88-b51f-0fd0e9e7243c" testId="bd3d98d7-b32f-be3d-b46d-131f51e63082" testName="AISwarm.Tests.Commands.LaunchAgentCommandHandlerTests.WhenNonDryRunWithModel_ShouldLaunchGeminiWithModel" computerName="DESKTOP-TCPMHJ0" duration="00:00:00.0011022" startTime="2025-08-25T09:00:30.5299104-07:00" endTime="2025-08-25T09:00:30.5299105-07:00" testType="13cdc9d9-ddb5-4fa4-a97d-d965ccfc6d4b" outcome="Passed" testListId="8c84fa94-04c1-424b-9868-57a2d4851a1d" relativeResultsDirectory="1a0592fb-2aba-4d88-b51f-0fd0e9e7243c" />
    <UnitTestResult executionId="ca2aeabe-0678-433f-baab-ab88048eb8e1" testId="1b8b7a4d-bb79-e555-dfa9-4d20dd7d90c7" testName="AISwarm.Tests.McpTools.GetNextTaskMcpToolTests.WhenNonExistentAgent_ShouldReturnFailureResult" computerName="DESKTOP-TCPMHJ0" duration="00:00:00.0019685" startTime="2025-08-25T09:00:30.9417247-07:00" endTime="2025-08-25T09:00:30.9417248-07:00" testType="13cdc9d9-ddb5-4fa4-a97d-d965ccfc6d4b" outcome="Passed" testListId="8c84fa94-04c1-424b-9868-57a2d4851a1d" relativeResultsDirectory="ca2aeabe-0678-433f-baab-ab88048eb8e1" />
    <UnitTestResult executionId="5cef418d-55f6-4898-94d0-3cfebd8bde07" testId="3e1293f0-18b6-9221-762d-ecf452cf42eb" testName="AISwarm.Tests.McpTools.GetTaskMcpToolTests.GetTasksByStatusAsync_WhenTasksHaveTimestamps_ShouldReturnTimestampFields(statusFilter: &quot;InProgress&quot;)" computerName="DESKTOP-TCPMHJ0" duration="00:00:00.0005985" startTime="2025-08-25T09:00:30.5214252-07:00" endTime="2025-08-25T09:00:30.5214253-07:00" testType="13cdc9d9-ddb5-4fa4-a97d-d965ccfc6d4b" outcome="Passed" testListId="8c84fa94-04c1-424b-9868-57a2d4851a1d" relativeResultsDirectory="5cef418d-55f6-4898-94d0-3cfebd8bde07" />
    <UnitTestResult executionId="d271f73d-60c6-4597-908d-d71204177005" testId="e618f9ec-0d79-243f-be3d-e3760424660a" testName="AISwarm.Tests.Services.ContextServiceTests.WhenCreateContextFileWithAgentIdIsCalledWithValidAgentId_ShouldAppendMcpToolInstructions" computerName="DESKTOP-TCPMHJ0" duration="00:00:00.0970612" startTime="2025-08-25T09:00:29.6866165-07:00" endTime="2025-08-25T09:00:29.6866168-07:00" testType="13cdc9d9-ddb5-4fa4-a97d-d965ccfc6d4b" outcome="Passed" testListId="8c84fa94-04c1-424b-9868-57a2d4851a1d" relativeResultsDirectory="d271f73d-60c6-4597-908d-d71204177005" />
    <UnitTestResult executionId="fc8020aa-1227-432d-9bb4-1f12909d350a" testId="349e96f4-6efa-2f01-b4aa-ac789bc7d3f4" testName="AISwarm.Tests.Services.ContextServiceTests.WhenCreateContextFileWithAgentIdIsCalledWithNullAgentId_ShouldBehaveLikeNormalCreateContextFile" computerName="DESKTOP-TCPMHJ0" duration="00:00:00.0134123" startTime="2025-08-25T09:00:29.7014288-07:00" endTime="2025-08-25T09:00:29.7014296-07:00" testType="13cdc9d9-ddb5-4fa4-a97d-d965ccfc6d4b" outcome="Passed" testListId="8c84fa94-04c1-424b-9868-57a2d4851a1d" relativeResultsDirectory="fc8020aa-1227-432d-9bb4-1f12909d350a" />
    <UnitTestResult executionId="e310658e-216d-4f36-82f5-ad44cc4e6c45" testId="60ad89e8-828b-2166-7bde-9a4d260571ec" testName="AISwarm.Tests.McpTools.GetTaskMcpToolTests.GetTasksByStatusAsync_WhenNoTasksWithStatus_ShouldReturnEmptyArray" computerName="DESKTOP-TCPMHJ0" duration="00:00:00.0006534" startTime="2025-08-25T09:00:30.5197203-07:00" endTime="2025-08-25T09:00:30.5197204-07:00" testType="13cdc9d9-ddb5-4fa4-a97d-d965ccfc6d4b" outcome="Passed" testListId="8c84fa94-04c1-424b-9868-57a2d4851a1d" relativeResultsDirectory="e310658e-216d-4f36-82f5-ad44cc4e6c45" />
    <UnitTestResult executionId="a6b069d7-ae96-4ba1-b308-9e1888cb548a" testId="d8d9766c-01b5-9bdd-caf0-b77b08c05afd" testName="AISwarm.Tests.Services.LocalAgentServiceTests.WhenStoppingAgent_ShouldUpdateStatusAndStopTime" computerName="DESKTOP-TCPMHJ0" duration="00:00:00.0011342" startTime="2025-08-25T09:00:30.5050381-07:00" endTime="2025-08-25T09:00:30.5050382-07:00" testType="13cdc9d9-ddb5-4fa4-a97d-d965ccfc6d4b" outcome="Passed" testListId="8c84fa94-04c1-424b-9868-57a2d4851a1d" relativeResultsDirectory="a6b069d7-ae96-4ba1-b308-9e1888cb548a" />
    <UnitTestResult executionId="b6da328c-0db6-4ec6-bbac-975b6f06096c" testId="174bd1e8-cc85-c630-c542-0aebc7308e11" testName="AISwarm.Tests.Database.CoordinationDbContextTests.WhenQueryingAgents_ShouldFilterByStatus" computerName="DESKTOP-TCPMHJ0" duration="00:00:00.9157043" startTime="2025-08-25T09:00:30.5001865-07:00" endTime="2025-08-25T09:00:30.5001866-07:00" testType="13cdc9d9-ddb5-4fa4-a97d-d965ccfc6d4b" outcome="Passed" testListId="8c84fa94-04c1-424b-9868-57a2d4851a1d" relativeResultsDirectory="b6da328c-0db6-4ec6-bbac-975b6f06096c" />
    <UnitTestResult executionId="80c244a2-1f87-4e13-921a-78bcd336e936" testId="73b569ba-a5d7-755c-190e-a36137adab5a" testName="AISwarm.Tests.Database.Entities.AgentEntityTests.WhenKillingAgent_ShouldSetStatusAndKillTime" computerName="DESKTOP-TCPMHJ0" duration="00:00:00.0002242" startTime="2025-08-25T09:00:29.8682742-07:00" endTime="2025-08-25T09:00:29.8682744-07:00" testType="13cdc9d9-ddb5-4fa4-a97d-d965ccfc6d4b" outcome="Passed" testListId="8c84fa94-04c1-424b-9868-57a2d4851a1d" relativeResultsDirectory="80c244a2-1f87-4e13-921a-78bcd336e936" />
    <UnitTestResult executionId="23928592-8971-4c73-a57d-bcb78a8eadc9" testId="53a92125-0bfb-dd41-9ae5-6fde03d744f9" testName="AISwarm.Tests.McpTools.GetTaskMcpToolTests.GetTasksByAgentIdAsync_WhenNoTasksForAgent_ShouldReturnEmptyArray(agentId: null)" computerName="DESKTOP-TCPMHJ0" duration="00:00:00.0004371" startTime="2025-08-25T09:00:30.5233376-07:00" endTime="2025-08-25T09:00:30.5233377-07:00" testType="13cdc9d9-ddb5-4fa4-a97d-d965ccfc6d4b" outcome="Passed" testListId="8c84fa94-04c1-424b-9868-57a2d4851a1d" relativeResultsDirectory="23928592-8971-4c73-a57d-bcb78a8eadc9" />
    <UnitTestResult executionId="6a8ee670-9e85-4d59-b9f6-34939372e446" testId="ac62e71c-84ef-2858-c565-8d71710ebcf5" testName="AISwarm.Tests.Services.AgentMonitoringServiceTests.WhenAgentHasStaleHeartbeat_ShouldKillAgent" computerName="DESKTOP-TCPMHJ0" duration="00:00:00.9216639" startTime="2025-08-25T09:00:30.5061889-07:00" endTime="2025-08-25T09:00:30.5061890-07:00" testType="13cdc9d9-ddb5-4fa4-a97d-d965ccfc6d4b" outcome="Passed" testListId="8c84fa94-04c1-424b-9868-57a2d4851a1d" relativeResultsDirectory="6a8ee670-9e85-4d59-b9f6-34939372e446" />
    <UnitTestResult executionId="a7670394-ad3f-4616-a750-bb4392f08388" testId="040d0ec4-d3bb-bd87-4fc0-005652f9c56a" testName="AISwarm.Tests.Services.GitServiceTests.CreateWorktree_ShouldFail_WhenWorktreeAlreadyListed" computerName="DESKTOP-TCPMHJ0" duration="00:00:00.2725913" startTime="2025-08-25T09:00:29.8596203-07:00" endTime="2025-08-25T09:00:29.8596204-07:00" testType="13cdc9d9-ddb5-4fa4-a97d-d965ccfc6d4b" outcome="Passed" testListId="8c84fa94-04c1-424b-9868-57a2d4851a1d" relativeResultsDirectory="a7670394-ad3f-4616-a750-bb4392f08388" />
    <UnitTestResult executionId="ced1d48e-23da-4070-a919-6bfaf2190013" testId="56d443e1-4b05-2419-e4e9-283ff791cf71" testName="AISwarm.Tests.McpTools.CreateTaskMcpToolTests.WhenCreatingTaskForStartingAgent_ShouldCreateTaskSuccessfully" computerName="DESKTOP-TCPMHJ0" duration="00:00:00.0025274" startTime="2025-08-25T09:00:30.5065745-07:00" endTime="2025-08-25T09:00:30.5065746-07:00" testType="13cdc9d9-ddb5-4fa4-a97d-d965ccfc6d4b" outcome="Passed" testListId="8c84fa94-04c1-424b-9868-57a2d4851a1d" relativeResultsDirectory="ced1d48e-23da-4070-a919-6bfaf2190013" />
    <UnitTestResult executionId="7fd776eb-601a-4a51-8616-09e42a745442" testId="d004edb1-45b1-457c-8eec-b0577c9e3583" testName="AISwarm.Tests.McpTools.GetNextTaskMcpToolTests.WhenUnassignedTaskExists_ShouldClaimTaskAndReturnIt" computerName="DESKTOP-TCPMHJ0" duration="00:00:00.0023063" startTime="2025-08-25T09:00:31.1134742-07:00" endTime="2025-08-25T09:00:31.1134745-07:00" testType="13cdc9d9-ddb5-4fa4-a97d-d965ccfc6d4b" outcome="Passed" testListId="8c84fa94-04c1-424b-9868-57a2d4851a1d" relativeResultsDirectory="7fd776eb-601a-4a51-8616-09e42a745442" />
    <UnitTestResult executionId="99cd30fb-3a08-47e8-a435-66acf8c81006" testId="fa9826db-87cc-dfb5-1ed8-955ee40ab3e7" testName="AISwarm.Tests.McpTools.GetTaskMcpToolTests.GetTaskStatusAsync_WhenTaskIdIsInvalidOrNotFound_ShouldReturnNullValues(taskId: &quot;non-existent-task-id&quot;)" computerName="DESKTOP-TCPMHJ0" duration="00:00:00.0004301" startTime="2025-08-25T09:00:30.5169908-07:00" endTime="2025-08-25T09:00:30.5169909-07:00" testType="13cdc9d9-ddb5-4fa4-a97d-d965ccfc6d4b" outcome="Passed" testListId="8c84fa94-04c1-424b-9868-57a2d4851a1d" relativeResultsDirectory="99cd30fb-3a08-47e8-a435-66acf8c81006" />
    <UnitTestResult executionId="288a257d-8dcd-4039-8ab0-e706f3849791" testId="c034ee07-9fca-b95c-b641-65dc4c724f4a" testName="AISwarm.Tests.Services.LocalAgentServiceTests.WhenKillingAgentWithProcessId_ShouldTerminateProcess" computerName="DESKTOP-TCPMHJ0" duration="00:00:00.0025208" startTime="2025-08-25T09:00:30.5089141-07:00" endTime="2025-08-25T09:00:30.5089141-07:00" testType="13cdc9d9-ddb5-4fa4-a97d-d965ccfc6d4b" outcome="Passed" testListId="8c84fa94-04c1-424b-9868-57a2d4851a1d" relativeResultsDirectory="288a257d-8dcd-4039-8ab0-e706f3849791" />
    <UnitTestResult executionId="3d898e81-e8f9-461d-ac36-43c1a44da534" testId="f680fce5-9146-6a52-27d7-0ef68beac194" testName="AISwarm.Tests.Database.CoordinationDbContextTests.WhenSavingAgent_ShouldPersistToDatabase" computerName="DESKTOP-TCPMHJ0" duration="00:00:00.0012699" startTime="2025-08-25T09:00:30.5015038-07:00" endTime="2025-08-25T09:00:30.5015052-07:00" testType="13cdc9d9-ddb5-4fa4-a97d-d965ccfc6d4b" outcome="Passed" testListId="8c84fa94-04c1-424b-9868-57a2d4851a1d" relativeResultsDirectory="3d898e81-e8f9-461d-ac36-43c1a44da534" />
    <UnitTestResult executionId="17fb40ae-4507-49f5-8883-df4af4a6559b" testId="93023e9b-28fa-09dd-c03d-773243038557" testName="AISwarm.Tests.McpTools.GetTaskMcpToolTests.GetTaskStatusAsync_WhenTaskHasAgentId_ShouldReturnAgentIdForAllStatuses(statusName: &quot;InProgress&quot;)" computerName="DESKTOP-TCPMHJ0" duration="00:00:00.0003055" startTime="2025-08-25T09:00:30.5332180-07:00" endTime="2025-08-25T09:00:30.5332180-07:00" testType="13cdc9d9-ddb5-4fa4-a97d-d965ccfc6d4b" outcome="Passed" testListId="8c84fa94-04c1-424b-9868-57a2d4851a1d" relativeResultsDirectory="17fb40ae-4507-49f5-8883-df4af4a6559b" />
    <UnitTestResult executionId="198499e9-5949-4cbd-a025-95e1f5ed8a1b" testId="3622e1a5-001f-dd11-4125-80817fe9cbd4" testName="AISwarm.Tests.Commands.InitCommandHandlerTests.WhenDirectoryAlreadyExists_ShouldNotOverwriteAndLogWarning" computerName="DESKTOP-TCPMHJ0" duration="00:00:00.0706013" startTime="2025-08-25T09:00:29.6610998-07:00" endTime="2025-08-25T09:00:29.6611357-07:00" testType="13cdc9d9-ddb5-4fa4-a97d-d965ccfc6d4b" outcome="Passed" testListId="8c84fa94-04c1-424b-9868-57a2d4851a1d" relativeResultsDirectory="198499e9-5949-4cbd-a025-95e1f5ed8a1b" />
    <UnitTestResult executionId="c9095309-a419-4d1f-9987-b11ad88735fe" testId="f2bb0d48-4190-a5ae-2f13-ed61e21a3d28" testName="AISwarm.Tests.McpTools.GetTaskMcpToolTests.GetTaskStatusAsync_WhenTaskIdIsInvalidOrNotFound_ShouldReturnNullValues(taskId: &quot;   &quot;)" computerName="DESKTOP-TCPMHJ0" duration="00:00:00.0002965" startTime="2025-08-25T09:00:30.5176449-07:00" endTime="2025-08-25T09:00:30.5176450-07:00" testType="13cdc9d9-ddb5-4fa4-a97d-d965ccfc6d4b" outcome="Passed" testListId="8c84fa94-04c1-424b-9868-57a2d4851a1d" relativeResultsDirectory="c9095309-a419-4d1f-9987-b11ad88735fe" />
    <UnitTestResult executionId="45b2d427-e34b-4444-b73d-8f58e7e32fe2" testId="1c127154-6ed1-ed5b-1833-b711a8b48430" testName="AISwarm.Tests.Commands.ListWorktreesCommandHandlerTests.WhenWorktreesExist_ShouldListEachAndReturnTrue" computerName="DESKTOP-TCPMHJ0" duration="00:00:00.0050338" startTime="2025-08-25T09:00:29.6743275-07:00" endTime="2025-08-25T09:00:29.6743276-07:00" testType="13cdc9d9-ddb5-4fa4-a97d-d965ccfc6d4b" outcome="Passed" testListId="8c84fa94-04c1-424b-9868-57a2d4851a1d" relativeResultsDirectory="45b2d427-e34b-4444-b73d-8f58e7e32fe2" />
    <UnitTestResult executionId="bd49d1dd-3e2f-4d3f-9904-b1a697e5cbf5" testId="e5231277-9fa4-7ca1-bb52-dce2f213cbf5" testName="AISwarm.Tests.Services.LocalAgentServiceTests.WhenUpdatingHeartbeatForRunningAgent_ShouldStayRunning" computerName="DESKTOP-TCPMHJ0" duration="00:00:00.0010632" startTime="2025-08-25T09:00:30.5100217-07:00" endTime="2025-08-25T09:00:30.5100218-07:00" testType="13cdc9d9-ddb5-4fa4-a97d-d965ccfc6d4b" outcome="Passed" testListId="8c84fa94-04c1-424b-9868-57a2d4851a1d" relativeResultsDirectory="bd49d1dd-3e2f-4d3f-9904-b1a697e5cbf5" />
    <UnitTestResult executionId="7b1ea494-fcef-4efc-8410-204fcf4dca1e" testId="31087b07-b97a-0793-5eab-90f1887b7a95" testName="AISwarm.Tests.McpTools.GetNextTaskMcpToolTests.WhenGetNextTaskIsCalledWithValidAgentId_ShouldUpdateAgentHeartbeat" computerName="DESKTOP-TCPMHJ0" duration="00:00:00.1065791" startTime="2025-08-25T09:00:31.2203376-07:00" endTime="2025-08-25T09:00:31.2203379-07:00" testType="13cdc9d9-ddb5-4fa4-a97d-d965ccfc6d4b" outcome="Passed" testListId="8c84fa94-04c1-424b-9868-57a2d4851a1d" relativeResultsDirectory="7b1ea494-fcef-4efc-8410-204fcf4dca1e" />
    <UnitTestResult executionId="1f6bedfa-953c-40b7-85b5-12187accf1ed" testId="5510aac5-4832-88e3-2f9b-942355bcd4ed" testName="AISwarm.Tests.Commands.LaunchAgentCommandHandlerTests.WhenDryRunAndWithWorktree_ShouldLogPlannedWorktreeAndDetails" computerName="DESKTOP-TCPMHJ0" duration="00:00:00.0010355" startTime="2025-08-25T09:00:30.5269381-07:00" endTime="2025-08-25T09:00:30.5269382-07:00" testType="13cdc9d9-ddb5-4fa4-a97d-d965ccfc6d4b" outcome="Passed" testListId="8c84fa94-04c1-424b-9868-57a2d4851a1d" relativeResultsDirectory="1f6bedfa-953c-40b7-85b5-12187accf1ed" />
    <UnitTestResult executionId="ccae2378-4fd6-4c80-a0bc-0b39e3fb9701" testId="466fba57-d4f4-9df5-8412-f276ff4bf8ee" testName="AISwarm.Tests.McpTools.GetTaskMcpToolTests.GetTasksByStatusAsync_WhenTasksExistWithStatus_ShouldReturnFilteredTasks(statusFilter: &quot;InProgress&quot;)" computerName="DESKTOP-TCPMHJ0" duration="00:00:00.0026170" startTime="2025-08-25T09:00:30.5060925-07:00" endTime="2025-08-25T09:00:30.5060926-07:00" testType="13cdc9d9-ddb5-4fa4-a97d-d965ccfc6d4b" outcome="Passed" testListId="8c84fa94-04c1-424b-9868-57a2d4851a1d" relativeResultsDirectory="ccae2378-4fd6-4c80-a0bc-0b39e3fb9701" />
    <UnitTestResult executionId="9d3e6808-25db-440c-8954-4f1b734a4d7e" testId="cfd6dc59-ee89-4d68-ba79-19a0e3beed8d" testName="AISwarm.Tests.McpTools.GetTaskMcpToolTests.GetTasksByAgentIdAsync_WhenTasksExistForAgent_ShouldReturnFilteredTasks" computerName="DESKTOP-TCPMHJ0" duration="00:00:00.0023644" startTime="2025-08-25T09:00:30.5157838-07:00" endTime="2025-08-25T09:00:30.5157839-07:00" testType="13cdc9d9-ddb5-4fa4-a97d-d965ccfc6d4b" outcome="Passed" testListId="8c84fa94-04c1-424b-9868-57a2d4851a1d" relativeResultsDirectory="9d3e6808-25db-440c-8954-4f1b734a4d7e" />
    <UnitTestResult executionId="04f3195c-b30f-4ff0-9e75-c307750d6a2d" testId="c3e49889-05e5-b3db-c5e0-a85d06a2bd7a" testName="AISwarm.Tests.Services.AgentMonitoringServiceTests.WhenAgentHasRecentHeartbeat_ShouldNotKillAgent" computerName="DESKTOP-TCPMHJ0" duration="00:00:00.0020101" startTime="2025-08-25T09:00:30.5082526-07:00" endTime="2025-08-25T09:00:30.5082527-07:00" testType="13cdc9d9-ddb5-4fa4-a97d-d965ccfc6d4b" outcome="Passed" testListId="8c84fa94-04c1-424b-9868-57a2d4851a1d" relativeResultsDirectory="04f3195c-b30f-4ff0-9e75-c307750d6a2d" />
    <UnitTestResult executionId="cae6fae8-f033-4a6e-b05c-85c8fa213357" testId="534f5e89-aef5-8b74-d0ae-62cebdb9b596" testName="AISwarm.Tests.Commands.InitCommandHandlerTests.WhenInitializingDirectory_ShouldCreateAiswarmPersonasDirectory" computerName="DESKTOP-TCPMHJ0" duration="00:00:00.0005959" startTime="2025-08-25T09:00:29.6742417-07:00" endTime="2025-08-25T09:00:29.6742417-07:00" testType="13cdc9d9-ddb5-4fa4-a97d-d965ccfc6d4b" outcome="Passed" testListId="8c84fa94-04c1-424b-9868-57a2d4851a1d" relativeResultsDirectory="cae6fae8-f033-4a6e-b05c-85c8fa213357" />
    <UnitTestResult executionId="8af9050b-7104-499e-b0a3-ab2cc75efd0c" testId="656ad1a7-8e74-75bd-0a9c-b7c5fc195d87" testName="AISwarm.Tests.McpTools.GetNextTaskMcpToolTests.WhenAgentHasNoTasks_ShouldReturnNoTasksWithReinforcingPrompt" computerName="DESKTOP-TCPMHJ0" duration="00:00:00.1188372" startTime="2025-08-25T09:00:30.9396902-07:00" endTime="2025-08-25T09:00:30.9396903-07:00" testType="13cdc9d9-ddb5-4fa4-a97d-d965ccfc6d4b" outcome="Passed" testListId="8c84fa94-04c1-424b-9868-57a2d4851a1d" relativeResultsDirectory="8af9050b-7104-499e-b0a3-ab2cc75efd0c" />
    <UnitTestResult executionId="1225304f-8bb7-4ef0-ba15-1a2cf89be954" testId="5a3edbc3-d906-81c2-c5f0-e6bb677089be" testName="AISwarm.Tests.McpTools.ReportTaskCompletionMcpToolTests.WhenReportingCompletionForAlreadyCompletedTask_ShouldReturnFailureResult" computerName="DESKTOP-TCPMHJ0" duration="00:00:00.0016314" startTime="2025-08-25T09:00:30.5087045-07:00" endTime="2025-08-25T09:00:30.5087046-07:00" testType="13cdc9d9-ddb5-4fa4-a97d-d965ccfc6d4b" outcome="Passed" testListId="8c84fa94-04c1-424b-9868-57a2d4851a1d" relativeResultsDirectory="1225304f-8bb7-4ef0-ba15-1a2cf89be954" />
    <UnitTestResult executionId="149af80f-3f43-422e-853e-65fc91bc79a3" testId="9a9b4e7a-960e-fd42-0017-eec571d6c865" testName="AISwarm.Tests.Commands.LaunchAgentCommandHandlerTests.WhenWorktreeWhitespace_ShouldIgnoreAndProceedWithoutWorktree" computerName="DESKTOP-TCPMHJ0" duration="00:00:00.0013657" startTime="2025-08-25T09:00:30.5258641-07:00" endTime="2025-08-25T09:00:30.5258642-07:00" testType="13cdc9d9-ddb5-4fa4-a97d-d965ccfc6d4b" outcome="Passed" testListId="8c84fa94-04c1-424b-9868-57a2d4851a1d" relativeResultsDirectory="149af80f-3f43-422e-853e-65fc91bc79a3" />
    <UnitTestResult executionId="7d91f800-ef04-4566-8cd3-9814764b1d67" testId="7345a97e-e9ef-210f-2880-aef65ad31e91" testName="AISwarm.Tests.Services.WorkItemNotificationServiceTests.WhenPublishingTaskCreatedForAgent_ShouldDeliverToAgentSubscription" computerName="DESKTOP-TCPMHJ0" duration="00:00:00.0213032" startTime="2025-08-25T09:00:29.8754334-07:00" endTime="2025-08-25T09:00:29.8754335-07:00" testType="13cdc9d9-ddb5-4fa4-a97d-d965ccfc6d4b" outcome="Passed" testListId="8c84fa94-04c1-424b-9868-57a2d4851a1d" relativeResultsDirectory="7d91f800-ef04-4566-8cd3-9814764b1d67" />
    <UnitTestResult executionId="0378881f-5e28-4090-86a7-d035e89150bb" testId="8a669c83-62bf-ef6c-95e7-0f672cf26569" testName="AISwarm.Tests.Services.AgentMonitoringServiceTests.WhenAgentIsNotRunning_ShouldNotKillAgent" computerName="DESKTOP-TCPMHJ0" duration="00:00:00.0039503" startTime="2025-08-25T09:00:30.5122488-07:00" endTime="2025-08-25T09:00:30.5122489-07:00" testType="13cdc9d9-ddb5-4fa4-a97d-d965ccfc6d4b" outcome="Passed" testListId="8c84fa94-04c1-424b-9868-57a2d4851a1d" relativeResultsDirectory="0378881f-5e28-4090-86a7-d035e89150bb" />
    <UnitTestResult executionId="1d8df8c5-4b19-49b6-a337-ac48d7485bf2" testId="8d1c2bb1-d500-f58e-e060-eac9cbfc5f49" testName="AISwarm.Tests.Services.LocalAgentServiceTests.WhenUpdatingHeartbeatForStartingAgent_ShouldTransitionToRunning" computerName="DESKTOP-TCPMHJ0" duration="00:00:00.0007527" startTime="2025-08-25T09:00:30.5210087-07:00" endTime="2025-08-25T09:00:30.5210088-07:00" testType="13cdc9d9-ddb5-4fa4-a97d-d965ccfc6d4b" outcome="Passed" testListId="8c84fa94-04c1-424b-9868-57a2d4851a1d" relativeResultsDirectory="1d8df8c5-4b19-49b6-a337-ac48d7485bf2" />
    <UnitTestResult executionId="f603c190-9e30-436b-9469-0ee61f7b762a" testId="b43cc523-641e-7393-315e-afdb4ab555b9" testName="AISwarm.Tests.McpTools.AgentManagementMcpToolTests.ListAgentsAsync_WhenNonExistentPersonaFilter_ShouldReturnEmptyArray" computerName="DESKTOP-TCPMHJ0" duration="00:00:00.0088987" startTime="2025-08-25T09:00:30.5147302-07:00" endTime="2025-08-25T09:00:30.5147302-07:00" testType="13cdc9d9-ddb5-4fa4-a97d-d965ccfc6d4b" outcome="Passed" testListId="8c84fa94-04c1-424b-9868-57a2d4851a1d" relativeResultsDirectory="f603c190-9e30-436b-9469-0ee61f7b762a" />
    <UnitTestResult executionId="f9d5d03e-5349-475e-be2b-8e0f797cd348" testId="c32bb922-c4dd-a3c4-e12e-1adc90cb5563" testName="AISwarm.Tests.McpTools.GetNextTaskMcpToolTests.WhenMultipleUnassignedTasksWithDifferentPriorities_ShouldReturnHighestPriorityFirst" computerName="DESKTOP-TCPMHJ0" duration="00:00:00.9278760" startTime="2025-08-25T09:00:30.5122766-07:00" endTime="2025-08-25T09:00:30.5122766-07:00" testType="13cdc9d9-ddb5-4fa4-a97d-d965ccfc6d4b" outcome="Passed" testListId="8c84fa94-04c1-424b-9868-57a2d4851a1d" relativeResultsDirectory="f9d5d03e-5349-475e-be2b-8e0f797cd348" />
    <UnitTestResult executionId="40bf5cdf-60dc-4500-8138-bbfa791dcba3" testId="81bf1e3c-0fa6-2ee3-7e64-596b958f14ee" testName="AISwarm.Tests.McpTools.AgentManagementMcpToolTests.LaunchAgentAsync_WhenNotInGitRepository_ShouldReturnFailure" computerName="DESKTOP-TCPMHJ0" duration="00:00:00.0005274" startTime="2025-08-25T09:00:30.5152931-07:00" endTime="2025-08-25T09:00:30.5152932-07:00" testType="13cdc9d9-ddb5-4fa4-a97d-d965ccfc6d4b" outcome="Passed" testListId="8c84fa94-04c1-424b-9868-57a2d4851a1d" relativeResultsDirectory="40bf5cdf-60dc-4500-8138-bbfa791dcba3" />
    <UnitTestResult executionId="3d3ca0b1-b9f4-4d50-9fce-96a853e28731" testId="5484e4a8-57d6-dc3d-d9e8-191d861c49ea" testName="AISwarm.Tests.Commands.LaunchAgentCommandHandlerTests.WhenNotInGitRepo_ShouldLogErrorAndAbort" computerName="DESKTOP-TCPMHJ0" duration="00:00:00.0009917" startTime="2025-08-25T09:00:30.5244609-07:00" endTime="2025-08-25T09:00:30.5244610-07:00" testType="13cdc9d9-ddb5-4fa4-a97d-d965ccfc6d4b" outcome="Passed" testListId="8c84fa94-04c1-424b-9868-57a2d4851a1d" relativeResultsDirectory="3d3ca0b1-b9f4-4d50-9fce-96a853e28731" />
    <UnitTestResult executionId="f00cdc6b-4aff-4528-a660-5f14db00e01e" testId="f7671144-fbb4-0aca-f8a0-0f721ef4e0e4" testName="AISwarm.Tests.McpTools.CreateTaskMcpToolTests.WhenCreatingTask_ShouldSaveTaskToDatabase" computerName="DESKTOP-TCPMHJ0" duration="00:00:00.0070283" startTime="2025-08-25T09:00:30.5139096-07:00" endTime="2025-08-25T09:00:30.5139096-07:00" testType="13cdc9d9-ddb5-4fa4-a97d-d965ccfc6d4b" outcome="Passed" testListId="8c84fa94-04c1-424b-9868-57a2d4851a1d" relativeResultsDirectory="f00cdc6b-4aff-4528-a660-5f14db00e01e" />
    <UnitTestResult executionId="535937af-7fe2-4191-bd78-d703c2682bd6" testId="31856896-bdfc-c8aa-34d8-bf5d092f2c90" testName="AISwarm.Tests.Commands.LaunchAgentCommandHandlerTests.WhenDryRunWithModel_ShouldIncludeModelInManualCommand" computerName="DESKTOP-TCPMHJ0" duration="00:00:00.4377839" startTime="2025-08-25T09:00:30.0224184-07:00" endTime="2025-08-25T09:00:30.0224184-07:00" testType="13cdc9d9-ddb5-4fa4-a97d-d965ccfc6d4b" outcome="Passed" testListId="8c84fa94-04c1-424b-9868-57a2d4851a1d" relativeResultsDirectory="535937af-7fe2-4191-bd78-d703c2682bd6" />
    <UnitTestResult executionId="612e3125-2417-4ee4-8ee8-080bd8118006" testId="0d1e31fb-be26-2d0e-2dad-cb6f56d5ad52" testName="AISwarm.Tests.Services.WorkItemNotificationServiceTests.WhenSubscribingWithNullAgentId_ShouldThrowArgumentException" computerName="DESKTOP-TCPMHJ0" duration="00:00:00.2677004" startTime="2025-08-25T09:00:29.8523848-07:00" endTime="2025-08-25T09:00:29.8523853-07:00" testType="13cdc9d9-ddb5-4fa4-a97d-d965ccfc6d4b" outcome="Passed" testListId="8c84fa94-04c1-424b-9868-57a2d4851a1d" relativeResultsDirectory="612e3125-2417-4ee4-8ee8-080bd8118006" />
    <UnitTestResult executionId="cf46c2b0-1345-4039-bf89-e49f617ca51f" testId="82d9c2fc-3181-90c3-042b-6f34f3a2541f" testName="AISwarm.Tests.McpTools.GetNextTaskMcpToolTests.WhenTimeoutMsProvided_ShouldReturnAfterApproximatelyTimeoutWithNoTasks" computerName="DESKTOP-TCPMHJ0" duration="00:00:00.0596907" startTime="2025-08-25T09:00:31.0017500-07:00" endTime="2025-08-25T09:00:31.0017501-07:00" testType="13cdc9d9-ddb5-4fa4-a97d-d965ccfc6d4b" outcome="Passed" testListId="8c84fa94-04c1-424b-9868-57a2d4851a1d" relativeResultsDirectory="cf46c2b0-1345-4039-bf89-e49f617ca51f" />
    <UnitTestResult executionId="0594c7a2-57a8-4342-970d-16822a486da3" testId="7fe750f1-75f5-a6fb-4933-d47badc272b6" testName="AISwarm.Tests.Commands.LaunchAgentCommandHandlerTests.WhenDryRunAndNoWorkTree_ShouldLogPlannedLaunchDetailsWithoutWorktree" computerName="DESKTOP-TCPMHJ0" duration="00:00:00.0018400" startTime="2025-08-25T09:00:30.5314444-07:00" endTime="2025-08-25T09:00:30.5314445-07:00" testType="13cdc9d9-ddb5-4fa4-a97d-d965ccfc6d4b" outcome="Passed" testListId="8c84fa94-04c1-424b-9868-57a2d4851a1d" relativeResultsDirectory="0594c7a2-57a8-4342-970d-16822a486da3" />
    <UnitTestResult executionId="4758e8f0-b137-4821-abf7-22ad4631c3a9" testId="063da14e-2b1d-06d3-220e-9f163cabfdca" testName="AISwarm.Tests.Commands.LaunchAgentCommandHandlerTests.WhenWorktreeCreated_ShouldLaunchGeminiFromWorktree" computerName="DESKTOP-TCPMHJ0" duration="00:00:00.0017377" startTime="2025-08-25T09:00:30.5332380-07:00" endTime="2025-08-25T09:00:30.5332380-07:00" testType="13cdc9d9-ddb5-4fa4-a97d-d965ccfc6d4b" outcome="Passed" testListId="8c84fa94-04c1-424b-9868-57a2d4851a1d" relativeResultsDirectory="4758e8f0-b137-4821-abf7-22ad4631c3a9" />
    <UnitTestResult executionId="a2a80d9f-7d07-4504-a4d6-9177d6948ebc" testId="fc4d96e5-e262-04e1-a699-e37a3391d64b" testName="AISwarm.Tests.McpTools.ReportTaskCompletionMcpToolTests.ReportTaskFailureAsync_WhenTaskAlreadyCompleted_ShouldStillMarkAsFailed" computerName="DESKTOP-TCPMHJ0" duration="00:00:00.0008780" startTime="2025-08-25T09:00:30.5096235-07:00" endTime="2025-08-25T09:00:30.5096236-07:00" testType="13cdc9d9-ddb5-4fa4-a97d-d965ccfc6d4b" outcome="Passed" testListId="8c84fa94-04c1-424b-9868-57a2d4851a1d" relativeResultsDirectory="a2a80d9f-7d07-4504-a4d6-9177d6948ebc" />
    <UnitTestResult executionId="2690b47f-4031-4b7d-a726-73b20c3621cc" testId="97955125-fb13-3be0-dbb7-61d5e1b0703e" testName="AISwarm.Tests.McpTools.GetTaskMcpToolTests.GetTasksByStatusAsync_WhenTasksExistWithStatus_ShouldReturnFilteredTasks(statusFilter: &quot;Completed&quot;)" computerName="DESKTOP-TCPMHJ0" duration="00:00:00.0012276" startTime="2025-08-25T09:00:30.5073434-07:00" endTime="2025-08-25T09:00:30.5073435-07:00" testType="13cdc9d9-ddb5-4fa4-a97d-d965ccfc6d4b" outcome="Passed" testListId="8c84fa94-04c1-424b-9868-57a2d4851a1d" relativeResultsDirectory="2690b47f-4031-4b7d-a726-73b20c3621cc" />
    <UnitTestResult executionId="226999c9-45ef-4ad3-bcc3-b7dd16c4c8a2" testId="9650308b-31a3-f51e-c8f1-7dd7ea056236" testName="AISwarm.Tests.McpTools.ReportTaskCompletionMcpToolTests.WhenReportingCompletionForNonExistentTask_ShouldReturnFailureResult" computerName="DESKTOP-TCPMHJ0" duration="00:00:00.0028847" startTime="2025-08-25T09:00:30.5008556-07:00" endTime="2025-08-25T09:00:30.5008557-07:00" testType="13cdc9d9-ddb5-4fa4-a97d-d965ccfc6d4b" outcome="Passed" testListId="8c84fa94-04c1-424b-9868-57a2d4851a1d" relativeResultsDirectory="226999c9-45ef-4ad3-bcc3-b7dd16c4c8a2" />
    <UnitTestResult executionId="e3fae656-3e93-4c1a-bc54-d0052809b1f2" testId="0cdd69b5-911c-6f14-1de5-6216661571c3" testName="AISwarm.Tests.Services.LocalAgentServiceTests.WhenMarkingAgentRunning_ShouldUpdateStatusAndStartTime" computerName="DESKTOP-TCPMHJ0" duration="00:00:00.0012784" startTime="2025-08-25T09:00:30.5065440-07:00" endTime="2025-08-25T09:00:30.5065440-07:00" testType="13cdc9d9-ddb5-4fa4-a97d-d965ccfc6d4b" outcome="Passed" testListId="8c84fa94-04c1-424b-9868-57a2d4851a1d" relativeResultsDirectory="e3fae656-3e93-4c1a-bc54-d0052809b1f2" />
    <UnitTestResult executionId="6d18f762-f4ac-4738-9af5-81373e9f9370" testId="bdc8de9c-4b99-ed68-a420-3f1ed9c50c32" testName="AISwarm.Tests.Services.LocalAgentServiceTests.WhenAgentCompletesFullLifecycle_ShouldTrackAllTimestamps" computerName="DESKTOP-TCPMHJ0" duration="00:00:00.0253338" startTime="2025-08-25T09:00:30.4862856-07:00" endTime="2025-08-25T09:00:30.4862857-07:00" testType="13cdc9d9-ddb5-4fa4-a97d-d965ccfc6d4b" outcome="Passed" testListId="8c84fa94-04c1-424b-9868-57a2d4851a1d" relativeResultsDirectory="6d18f762-f4ac-4738-9af5-81373e9f9370" />
    <UnitTestResult executionId="4dc3f9e7-8777-4067-9fdc-e33754aa2940" testId="5c2d185c-f4b7-8d11-0542-f07e098ef12b" testName="AISwarm.Tests.McpTools.GetNextTaskMcpToolTests.WhenUnassignedTaskForDifferentPersona_ShouldNotBeClaimedByNonMatchingAgent" computerName="DESKTOP-TCPMHJ0" duration="00:00:00.1151640" startTime="2025-08-25T09:00:30.6300338-07:00" endTime="2025-08-25T09:00:30.6300338-07:00" testType="13cdc9d9-ddb5-4fa4-a97d-d965ccfc6d4b" outcome="Passed" testListId="8c84fa94-04c1-424b-9868-57a2d4851a1d" relativeResultsDirectory="4dc3f9e7-8777-4067-9fdc-e33754aa2940" />
    <UnitTestResult executionId="ec51e8d6-901b-4b8d-961c-e831a0674f20" testId="41dbe40b-1a9d-9d27-fe75-f01c6600570c" testName="AISwarm.Tests.Commands.LaunchAgentCommandHandlerTests.WhenWorktreeAddFails_ShouldLogErrorAndAbort" computerName="DESKTOP-TCPMHJ0" duration="00:00:00.0014572" startTime="2025-08-25T09:00:30.5284336-07:00" endTime="2025-08-25T09:00:30.5284337-07:00" testType="13cdc9d9-ddb5-4fa4-a97d-d965ccfc6d4b" outcome="Passed" testListId="8c84fa94-04c1-424b-9868-57a2d4851a1d" relativeResultsDirectory="ec51e8d6-901b-4b8d-961c-e831a0674f20" />
    <UnitTestResult executionId="8a88df1c-11c6-406b-b77a-3246f54a8788" testId="dbee0107-4809-e4ba-05d8-8bf39b7f8719" testName="AISwarm.Tests.Services.LocalAgentServiceTests.WhenRegisteringAgentWithAllOptionalFields_ShouldSetAllProperties" computerName="DESKTOP-TCPMHJ0" duration="00:00:00.0013688" startTime="2025-08-25T09:00:30.4877047-07:00" endTime="2025-08-25T09:00:30.4877047-07:00" testType="13cdc9d9-ddb5-4fa4-a97d-d965ccfc6d4b" outcome="Passed" testListId="8c84fa94-04c1-424b-9868-57a2d4851a1d" relativeResultsDirectory="8a88df1c-11c6-406b-b77a-3246f54a8788" />
    <UnitTestResult executionId="a1cba6ab-a989-47e3-9b3b-d7c6e7806650" testId="f5f7809f-1349-1481-929c-97e19e0865e0" testName="AISwarm.Tests.McpTools.GetTaskMcpToolTests.GetTaskStatusAsync_WhenTaskHasEmptyAgentId_ShouldReturnEmptyAgentIdForAllStatuses(statusName: &quot;Failed&quot;)" computerName="DESKTOP-TCPMHJ0" duration="00:00:00.0004709" startTime="2025-08-25T09:00:30.4814453-07:00" endTime="2025-08-25T09:00:30.4814453-07:00" testType="13cdc9d9-ddb5-4fa4-a97d-d965ccfc6d4b" outcome="Passed" testListId="8c84fa94-04c1-424b-9868-57a2d4851a1d" relativeResultsDirectory="a1cba6ab-a989-47e3-9b3b-d7c6e7806650" />
    <UnitTestResult executionId="47a5a04a-8b92-4a84-87d9-f80082daed2e" testId="6af068f3-049c-815c-0f0e-3cf604457956" testName="AISwarm.Tests.Commands.ListAgentsCommandTests.WhenMultipleAgentTypesAvailableAndSourcesProvided_ShouldOutputHeaderAndEachAgent" computerName="DESKTOP-TCPMHJ0" duration="00:00:00.4262386" startTime="2025-08-25T09:00:30.0107681-07:00" endTime="2025-08-25T09:00:30.0107684-07:00" testType="13cdc9d9-ddb5-4fa4-a97d-d965ccfc6d4b" outcome="Passed" testListId="8c84fa94-04c1-424b-9868-57a2d4851a1d" relativeResultsDirectory="47a5a04a-8b92-4a84-87d9-f80082daed2e" />
    <UnitTestResult executionId="4b23a771-a485-4761-bc87-23113421036b" testId="e76b5508-3375-8296-a4c3-b4d7be56ce24" testName="AISwarm.Tests.McpTools.GetTaskMcpToolTests.GetTaskStatusAsync_WhenTaskHasAgentId_ShouldReturnAgentIdForAllStatuses(statusName: &quot;Failed&quot;)" computerName="DESKTOP-TCPMHJ0" duration="00:00:00.0007703" startTime="2025-08-25T09:00:30.5320625-07:00" endTime="2025-08-25T09:00:30.5320625-07:00" testType="13cdc9d9-ddb5-4fa4-a97d-d965ccfc6d4b" outcome="Passed" testListId="8c84fa94-04c1-424b-9868-57a2d4851a1d" relativeResultsDirectory="4b23a771-a485-4761-bc87-23113421036b" />
    <UnitTestResult executionId="e8871a93-1b99-4543-96c7-e89054f29ead" testId="e4f0af3d-1d4f-5140-f4d0-1365f94a2053" testName="AISwarm.Tests.McpTools.GetNextTaskMcpToolTests.WhenAgentHasAssignedAndUnassignedTasks_ShouldReturnAssignedTaskFirst" computerName="DESKTOP-TCPMHJ0" duration="00:00:00.0023311" startTime="2025-08-25T09:00:30.8181446-07:00" endTime="2025-08-25T09:00:30.8181446-07:00" testType="13cdc9d9-ddb5-4fa4-a97d-d965ccfc6d4b" outcome="Passed" testListId="8c84fa94-04c1-424b-9868-57a2d4851a1d" relativeResultsDirectory="e8871a93-1b99-4543-96c7-e89054f29ead" />
    <UnitTestResult executionId="1f04c0f1-d33c-4779-9190-37d2deeeb67b" testId="eb1c7399-a403-4dfb-7ca3-72bd536a7054" testName="AISwarm.Tests.McpTools.ReportTaskCompletionMcpToolTests.WhenReportingTaskCompletion_ShouldUpdateTaskStatusToCompleted" computerName="DESKTOP-TCPMHJ0" duration="00:00:00.0029922" startTime="2025-08-25T09:00:30.5070283-07:00" endTime="2025-08-25T09:00:30.5070284-07:00" testType="13cdc9d9-ddb5-4fa4-a97d-d965ccfc6d4b" outcome="Passed" testListId="8c84fa94-04c1-424b-9868-57a2d4851a1d" relativeResultsDirectory="1f04c0f1-d33c-4779-9190-37d2deeeb67b" />
    <UnitTestResult executionId="b0932fb9-872c-4d86-8aac-701fe22426cb" testId="8bad6da1-e88f-d04c-fcc1-4ae17b8bd192" testName="AISwarm.Tests.Services.GitServiceTests.CreateWorktree_ShouldFail_WhenDirectoryAlreadyExists" computerName="DESKTOP-TCPMHJ0" duration="00:00:00.0020630" startTime="2025-08-25T09:00:29.8620627-07:00" endTime="2025-08-25T09:00:29.8620630-07:00" testType="13cdc9d9-ddb5-4fa4-a97d-d965ccfc6d4b" outcome="Passed" testListId="8c84fa94-04c1-424b-9868-57a2d4851a1d" relativeResultsDirectory="b0932fb9-872c-4d86-8aac-701fe22426cb" />
    <UnitTestResult executionId="a79cd3e5-0b0a-45da-bdd2-da9c870229bf" testId="3dafe89a-5822-3c9d-3430-b5f26a5140aa" testName="AISwarm.Tests.McpTools.GetTaskMcpToolTests.GetTasksByAgentIdAsync_WhenNoTasksForAgent_ShouldReturnEmptyArray(agentId: &quot;&quot;)" computerName="DESKTOP-TCPMHJ0" duration="00:00:00.0004437" startTime="2025-08-25T09:00:30.5238105-07:00" endTime="2025-08-25T09:00:30.5238105-07:00" testType="13cdc9d9-ddb5-4fa4-a97d-d965ccfc6d4b" outcome="Passed" testListId="8c84fa94-04c1-424b-9868-57a2d4851a1d" relativeResultsDirectory="a79cd3e5-0b0a-45da-bdd2-da9c870229bf" />
    <UnitTestResult executionId="2dd1b863-f9e7-43ea-a97f-b848537db78f" testId="172d7360-8cb5-a4ee-8b84-ea49ef9c1f90" testName="AISwarm.Tests.Database.DatabaseScopeTests.WhenUsingTransactionScope_ShouldWorkWithInMemoryDatabase" computerName="DESKTOP-TCPMHJ0" duration="00:00:00.0009135" startTime="2025-08-25T09:00:30.4818154-07:00" endTime="2025-08-25T09:00:30.4818155-07:00" testType="13cdc9d9-ddb5-4fa4-a97d-d965ccfc6d4b" outcome="Passed" testListId="8c84fa94-04c1-424b-9868-57a2d4851a1d" relativeResultsDirectory="2dd1b863-f9e7-43ea-a97f-b848537db78f" />
    <UnitTestResult executionId="57f2e6ca-6750-43a7-9e40-1b90462a0444" testId="e571880d-596a-c5e4-66e9-634bed3be6e3" testName="AISwarm.Tests.McpTools.GetTaskMcpToolTests.GetTaskStatusAsync_WhenTaskHasEmptyAgentId_ShouldReturnEmptyAgentIdForAllStatuses(statusName: &quot;Completed&quot;)" computerName="DESKTOP-TCPMHJ0" duration="00:00:00.0003499" startTime="2025-08-25T09:00:30.4818465-07:00" endTime="2025-08-25T09:00:30.4818465-07:00" testType="13cdc9d9-ddb5-4fa4-a97d-d965ccfc6d4b" outcome="Passed" testListId="8c84fa94-04c1-424b-9868-57a2d4851a1d" relativeResultsDirectory="57f2e6ca-6750-43a7-9e40-1b90462a0444" />
    <UnitTestResult executionId="41b17676-6bdc-434e-a28f-c2e6d90a349e" testId="8542b4cc-3518-3c6f-75e6-1535310f9c44" testName="AISwarm.Tests.Commands.LaunchAgentCommandHandlerTests.WhenWorktreeAlreadyExists_ShouldLogErrorAndAbort" computerName="DESKTOP-TCPMHJ0" duration="00:00:00.0015468" startTime="2025-08-25T09:00:30.5177513-07:00" endTime="2025-08-25T09:00:30.5177514-07:00" testType="13cdc9d9-ddb5-4fa4-a97d-d965ccfc6d4b" outcome="Passed" testListId="8c84fa94-04c1-424b-9868-57a2d4851a1d" relativeResultsDirectory="41b17676-6bdc-434e-a28f-c2e6d90a349e" />
    <UnitTestResult executionId="9e14c626-77d5-4942-b495-28839c38b2a5" testId="f45c0f91-48e7-227a-7804-a0a5e53a2013" testName="AISwarm.Tests.McpTools.AgentManagementMcpToolTests.LaunchAgentAsync_WhenInvalidPersona_ShouldReturnFailure" computerName="DESKTOP-TCPMHJ0" duration="00:00:00.4353500" startTime="2025-08-25T09:00:30.0198286-07:00" endTime="2025-08-25T09:00:30.0198288-07:00" testType="13cdc9d9-ddb5-4fa4-a97d-d965ccfc6d4b" outcome="Passed" testListId="8c84fa94-04c1-424b-9868-57a2d4851a1d" relativeResultsDirectory="9e14c626-77d5-4942-b495-28839c38b2a5" />
    <UnitTestResult executionId="a08fb378-6138-48cb-9f28-d3c93bea6f3e" testId="e4f37822-6856-80e2-2de9-d1053c2401b7" testName="AISwarm.Tests.McpTools.GetTaskMcpToolTests.GetTaskStatusAsync_WhenTaskIdIsInvalidOrNotFound_ShouldReturnNullValues(taskId: &quot;&quot;)" computerName="DESKTOP-TCPMHJ0" duration="00:00:00.0006919" startTime="2025-08-25T09:00:30.5165087-07:00" endTime="2025-08-25T09:00:30.5165088-07:00" testType="13cdc9d9-ddb5-4fa4-a97d-d965ccfc6d4b" outcome="Passed" testListId="8c84fa94-04c1-424b-9868-57a2d4851a1d" relativeResultsDirectory="a08fb378-6138-48cb-9f28-d3c93bea6f3e" />
    <UnitTestResult executionId="f434d99c-2296-4988-ba36-42a122a26f50" testId="61032449-abeb-a855-8987-787f751af67a" testName="AISwarm.Tests.McpTools.GetTaskMcpToolTests.GetTasksByStatusAsync_WhenInvalidStatus_ShouldReturnFailure" computerName="DESKTOP-TCPMHJ0" duration="00:00:00.0005296" startTime="2025-08-25T09:00:30.5243814-07:00" endTime="2025-08-25T09:00:30.5243815-07:00" testType="13cdc9d9-ddb5-4fa4-a97d-d965ccfc6d4b" outcome="Passed" testListId="8c84fa94-04c1-424b-9868-57a2d4851a1d" relativeResultsDirectory="f434d99c-2296-4988-ba36-42a122a26f50" />
    <UnitTestResult executionId="ca182c4d-3890-456a-b776-2024950f12ce" testId="673f4cad-5b26-d0eb-6ea0-2c920f41168e" testName="AISwarm.Tests.Configuration.ProgramConfigurationTests.WhenWorkingDirectoryConfigured_ShouldConfigureSqliteDatabase" computerName="DESKTOP-TCPMHJ0" duration="00:00:00.9048957" startTime="2025-08-25T09:00:30.4924806-07:00" endTime="2025-08-25T09:00:30.4924807-07:00" testType="13cdc9d9-ddb5-4fa4-a97d-d965ccfc6d4b" outcome="Passed" testListId="8c84fa94-04c1-424b-9868-57a2d4851a1d" relativeResultsDirectory="ca182c4d-3890-456a-b776-2024950f12ce" />
    <UnitTestResult executionId="175a140e-705b-451f-90de-78dec42c6ff8" testId="55699754-c1d8-38a6-a14a-c3cf3d129429" testName="AISwarm.Tests.Services.LocalAgentServiceTests.WhenRegisteringMultipleAgents_ShouldCreateUniqueIds" computerName="DESKTOP-TCPMHJ0" duration="00:00:00.0067933" startTime="2025-08-25T09:00:30.5187250-07:00" endTime="2025-08-25T09:00:30.5187250-07:00" testType="13cdc9d9-ddb5-4fa4-a97d-d965ccfc6d4b" outcome="Passed" testListId="8c84fa94-04c1-424b-9868-57a2d4851a1d" relativeResultsDirectory="175a140e-705b-451f-90de-78dec42c6ff8" />
    <UnitTestResult executionId="caecd2cf-e1ff-410a-b9f5-d0627d194b19" testId="bd4446e9-3a77-bd26-3bda-1939b8d9e3f8" testName="AISwarm.Tests.Database.DatabaseScopeTests.WhenUsingWriteScope_ShouldPersistChanges" computerName="DESKTOP-TCPMHJ0" duration="00:00:00.8764132" startTime="2025-08-25T09:00:30.4609150-07:00" endTime="2025-08-25T09:00:30.4609151-07:00" testType="13cdc9d9-ddb5-4fa4-a97d-d965ccfc6d4b" outcome="Passed" testListId="8c84fa94-04c1-424b-9868-57a2d4851a1d" relativeResultsDirectory="caecd2cf-e1ff-410a-b9f5-d0627d194b19" />
    <UnitTestResult executionId="16f7d5f4-9f94-40c5-9900-31f5c9adc9ae" testId="74cf3211-aaa2-d307-7c3e-64bdc9b2ac09" testName="AISwarm.Tests.McpTools.GetTaskMcpToolTests.GetTasksByStatusAsync_WhenTasksExistWithStatus_ShouldReturnFilteredTasks(statusFilter: &quot;Pending&quot;)" computerName="DESKTOP-TCPMHJ0" duration="00:00:00.0215618" startTime="2025-08-25T09:00:30.5034390-07:00" endTime="2025-08-25T09:00:30.5034391-07:00" testType="13cdc9d9-ddb5-4fa4-a97d-d965ccfc6d4b" outcome="Passed" testListId="8c84fa94-04c1-424b-9868-57a2d4851a1d" relativeResultsDirectory="16f7d5f4-9f94-40c5-9900-31f5c9adc9ae" />
    <UnitTestResult executionId="665889b2-c117-4f7a-8857-0d7982527ec7" testId="e4938c9c-555b-684c-f5e8-d15f91a44f77" testName="AISwarm.Tests.Commands.ListWorktreesCommandHandlerTests.WhenExceptionThrown_ShouldLogErrorAndReturnFalse" computerName="DESKTOP-TCPMHJ0" duration="00:00:00.0020740" startTime="2025-08-25T09:00:29.6742669-07:00" endTime="2025-08-25T09:00:29.6742669-07:00" testType="13cdc9d9-ddb5-4fa4-a97d-d965ccfc6d4b" outcome="Passed" testListId="8c84fa94-04c1-424b-9868-57a2d4851a1d" relativeResultsDirectory="665889b2-c117-4f7a-8857-0d7982527ec7" />
    <UnitTestResult executionId="a96d16bb-53e9-4fab-beab-aa72f8e92905" testId="fc608da7-50bf-da34-d31f-9253987bee87" testName="AISwarm.Tests.Commands.LaunchAgentCommandHandlerTests.WhenNonDryRunWithoutWorktree_ShouldLaunchGeminiWithNullModel" computerName="DESKTOP-TCPMHJ0" duration="00:00:00.0015962" startTime="2025-08-25T09:00:30.5122991-07:00" endTime="2025-08-25T09:00:30.5122991-07:00" testType="13cdc9d9-ddb5-4fa4-a97d-d965ccfc6d4b" outcome="Passed" testListId="8c84fa94-04c1-424b-9868-57a2d4851a1d" relativeResultsDirectory="a96d16bb-53e9-4fab-beab-aa72f8e92905" />
    <UnitTestResult executionId="6ed4c3ab-4a3b-41d3-9954-0245c4a3dea1" testId="3acc4567-93ed-1975-476b-a133b787de99" testName="AISwarm.Tests.Commands.ListWorktreesCommandHandlerTests.WhenNotGitRepo_ShouldLogNotRepositoryAndReturnTrue" computerName="DESKTOP-TCPMHJ0" duration="00:00:00.0009055" startTime="2025-08-25T09:00:29.6741678-07:00" endTime="2025-08-25T09:00:29.6741678-07:00" testType="13cdc9d9-ddb5-4fa4-a97d-d965ccfc6d4b" outcome="Passed" testListId="8c84fa94-04c1-424b-9868-57a2d4851a1d" relativeResultsDirectory="6ed4c3ab-4a3b-41d3-9954-0245c4a3dea1" />
    <UnitTestResult executionId="93b40406-896c-4515-ab0b-2920c5ab8876" testId="e2306cdf-05e9-e555-8d50-220a9bf64290" testName="AISwarm.Tests.Database.Entities.AgentEntityTests.WhenCreatingAgent_ShouldHaveAllRequiredProperties" computerName="DESKTOP-TCPMHJ0" duration="00:00:00.0109347" startTime="2025-08-25T09:00:29.8679739-07:00" endTime="2025-08-25T09:00:29.8679742-07:00" testType="13cdc9d9-ddb5-4fa4-a97d-d965ccfc6d4b" outcome="Passed" testListId="8c84fa94-04c1-424b-9868-57a2d4851a1d" relativeResultsDirectory="93b40406-896c-4515-ab0b-2920c5ab8876" />
    <UnitTestResult executionId="c103451a-709f-4bbb-ba98-674ce6c56d6b" testId="d445e47e-bdaa-71df-59d2-4a02319d7dac" testName="AISwarm.Tests.McpTools.CreateTaskMcpToolTests.WhenCreatingTaskForStoppedAgent_ShouldReturnFailureResult" computerName="DESKTOP-TCPMHJ0" duration="00:00:00.0053407" startTime="2025-08-25T09:00:30.5039152-07:00" endTime="2025-08-25T09:00:30.5039152-07:00" testType="13cdc9d9-ddb5-4fa4-a97d-d965ccfc6d4b" outcome="Passed" testListId="8c84fa94-04c1-424b-9868-57a2d4851a1d" relativeResultsDirectory="c103451a-709f-4bbb-ba98-674ce6c56d6b" />
    <UnitTestResult executionId="cf178acf-0d84-4b82-a79b-d502caed54fe" testId="33e2b75e-bb17-f909-860d-9f5aefc0fd98" testName="AISwarm.Tests.McpTools.GetTaskMcpToolTests.GetTaskStatusAsync_WhenTaskHasEmptyAgentId_ShouldReturnEmptyAgentIdForAllStatuses(statusName: &quot;Pending&quot;)" computerName="DESKTOP-TCPMHJ0" duration="00:00:00.0177265" startTime="2025-08-25T09:00:30.4809640-07:00" endTime="2025-08-25T09:00:30.4809642-07:00" testType="13cdc9d9-ddb5-4fa4-a97d-d965ccfc6d4b" outcome="Passed" testListId="8c84fa94-04c1-424b-9868-57a2d4851a1d" relativeResultsDirectory="cf178acf-0d84-4b82-a79b-d502caed54fe" />
    <UnitTestResult executionId="5bed563a-3d94-4a9f-9712-57986ed4d9e7" testId="42440cec-2981-d354-88ea-aba3fef894b8" testName="AISwarm.Tests.McpTools.GetTaskMcpToolTests.GetTasksByAgentIdAsync_WhenAgentExistsButNoTasks_ShouldReturnEmptyArray" computerName="DESKTOP-TCPMHJ0" duration="00:00:00.0047823" startTime="2025-08-25T09:00:30.5133880-07:00" endTime="2025-08-25T09:00:30.5133881-07:00" testType="13cdc9d9-ddb5-4fa4-a97d-d965ccfc6d4b" outcome="Passed" testListId="8c84fa94-04c1-424b-9868-57a2d4851a1d" relativeResultsDirectory="5bed563a-3d94-4a9f-9712-57986ed4d9e7" />
    <UnitTestResult executionId="e4fe2bea-c116-4169-9e53-04e8f37646dc" testId="b4f42420-a100-f55b-0fe5-d8203345f806" testName="AISwarm.Tests.McpTools.AgentManagementMcpToolTests.LaunchAgentAsync_WhenValidParameters_ShouldCreateAgentAndLaunchGemini" computerName="DESKTOP-TCPMHJ0" duration="00:00:00.0023224" startTime="2025-08-25T09:00:30.5057718-07:00" endTime="2025-08-25T09:00:30.5057719-07:00" testType="13cdc9d9-ddb5-4fa4-a97d-d965ccfc6d4b" outcome="Passed" testListId="8c84fa94-04c1-424b-9868-57a2d4851a1d" relativeResultsDirectory="e4fe2bea-c116-4169-9e53-04e8f37646dc" />
    <UnitTestResult executionId="31d8d16b-2aab-4596-9c54-0f10348bed57" testId="6ca360de-90f8-eda8-d816-61e61b164675" testName="AISwarm.Tests.Database.Entities.AgentEntityTests.WhenUpdatingHeartbeat_ShouldUpdateLastHeartbeatTime" computerName="DESKTOP-TCPMHJ0" duration="00:00:00.2649609" startTime="2025-08-25T09:00:29.8524220-07:00" endTime="2025-08-25T09:00:29.8524221-07:00" testType="13cdc9d9-ddb5-4fa4-a97d-d965ccfc6d4b" outcome="Passed" testListId="8c84fa94-04c1-424b-9868-57a2d4851a1d" relativeResultsDirectory="31d8d16b-2aab-4596-9c54-0f10348bed57" />
    <UnitTestResult executionId="19fee13e-9a0c-4be6-bb47-c9c9d8442cfc" testId="c0970197-042d-181f-0a62-4aba2311ede1" testName="AISwarm.Tests.McpTools.ReportTaskCompletionMcpToolTests.ReportTaskFailureAsync_WhenTaskNotFound_ShouldReturnFailure" computerName="DESKTOP-TCPMHJ0" duration="00:00:00.9134284" startTime="2025-08-25T09:00:30.4979378-07:00" endTime="2025-08-25T09:00:30.4979380-07:00" testType="13cdc9d9-ddb5-4fa4-a97d-d965ccfc6d4b" outcome="Passed" testListId="8c84fa94-04c1-424b-9868-57a2d4851a1d" relativeResultsDirectory="19fee13e-9a0c-4be6-bb47-c9c9d8442cfc" />
    <UnitTestResult executionId="9767f560-d09b-4f56-a032-9302a957b48a" testId="6335332a-9f25-f527-1f7c-baa707992296" testName="AISwarm.Tests.McpTools.GetNextTaskMcpToolTests.WhenAgentHasPendingTask_ShouldReturnTaskWithReinforcingPrompt" computerName="DESKTOP-TCPMHJ0" duration="00:00:00.0011101" startTime="2025-08-25T09:00:30.8192999-07:00" endTime="2025-08-25T09:00:30.8193000-07:00" testType="13cdc9d9-ddb5-4fa4-a97d-d965ccfc6d4b" outcome="Passed" testListId="8c84fa94-04c1-424b-9868-57a2d4851a1d" relativeResultsDirectory="9767f560-d09b-4f56-a032-9302a957b48a" />
    <UnitTestResult executionId="5e39310e-7f23-4708-9cfe-8907ebd37100" testId="25e370b0-122e-8025-80d0-1e0ec8b49cc5" testName="AISwarm.Tests.Commands.ListWorktreesCommandHandlerTests.WhenNoWorktrees_ShouldIndicateNoneFound" computerName="DESKTOP-TCPMHJ0" duration="00:00:00.0724661" startTime="2025-08-25T09:00:29.6648991-07:00" endTime="2025-08-25T09:00:29.6648992-07:00" testType="13cdc9d9-ddb5-4fa4-a97d-d965ccfc6d4b" outcome="Passed" testListId="8c84fa94-04c1-424b-9868-57a2d4851a1d" relativeResultsDirectory="5e39310e-7f23-4708-9cfe-8907ebd37100" />
    <UnitTestResult executionId="db6c97a3-f8d5-42b1-a22a-43eba0c933d0" testId="34410e25-aa43-cb7b-5973-903b011988cb" testName="AISwarm.Tests.McpTools.GetTaskMcpToolTests.GetTaskStatusAsync_WhenTaskHasAgentId_ShouldReturnAgentIdForAllStatuses(statusName: &quot;Completed&quot;)" computerName="DESKTOP-TCPMHJ0" duration="00:00:00.0003233" startTime="2025-08-25T09:00:30.5328699-07:00" endTime="2025-08-25T09:00:30.5328700-07:00" testType="13cdc9d9-ddb5-4fa4-a97d-d965ccfc6d4b" outcome="Passed" testListId="8c84fa94-04c1-424b-9868-57a2d4851a1d" relativeResultsDirectory="db6c97a3-f8d5-42b1-a22a-43eba0c933d0" />
    <UnitTestResult executionId="1d45f617-6d25-4b3a-b962-428406f897c8" testId="1e8f2107-a23d-71af-78bd-ee3607fb20b1" testName="AISwarm.Tests.McpTools.GetTaskMcpToolTests.GetTasksByStatusAsync_WhenTasksHaveTimestamps_ShouldReturnTimestampFields(statusFilter: &quot;Completed&quot;)" computerName="DESKTOP-TCPMHJ0" duration="00:00:00.0010297" startTime="2025-08-25T09:00:30.5207939-07:00" endTime="2025-08-25T09:00:30.5207940-07:00" testType="13cdc9d9-ddb5-4fa4-a97d-d965ccfc6d4b" outcome="Passed" testListId="8c84fa94-04c1-424b-9868-57a2d4851a1d" relativeResultsDirectory="1d45f617-6d25-4b3a-b962-428406f897c8" />
    <UnitTestResult executionId="00488967-7eee-40ca-99ea-39c676c811c8" testId="d9d2e248-26ba-b237-d755-19dc3a00c49d" testName="AISwarm.Tests.Database.Entities.AgentEntityTests.WhenStoppingAgent_ShouldSetStatusAndStoppedTime" computerName="DESKTOP-TCPMHJ0" duration="00:00:00.0045220" startTime="2025-08-25T09:00:29.8569570-07:00" endTime="2025-08-25T09:00:29.8569572-07:00" testType="13cdc9d9-ddb5-4fa4-a97d-d965ccfc6d4b" outcome="Passed" testListId="8c84fa94-04c1-424b-9868-57a2d4851a1d" relativeResultsDirectory="00488967-7eee-40ca-99ea-39c676c811c8" />
    <UnitTestResult executionId="0cedf1c1-450d-4989-bc86-87875ceda0b4" testId="88cf90a5-0d8b-1da3-50f3-591b015b091f" testName="AISwarm.Tests.Commands.LaunchAgentCommandHandlerTests.WhenMonitorDisabled_ShouldUseLegacyGeminiLaunch" computerName="DESKTOP-TCPMHJ0" duration="00:00:00.0013365" startTime="2025-08-25T09:00:30.5346270-07:00" endTime="2025-08-25T09:00:30.5346271-07:00" testType="13cdc9d9-ddb5-4fa4-a97d-d965ccfc6d4b" outcome="Passed" testListId="8c84fa94-04c1-424b-9868-57a2d4851a1d" relativeResultsDirectory="0cedf1c1-450d-4989-bc86-87875ceda0b4" />
    <UnitTestResult executionId="26d6cbd6-4fa0-4326-8923-1368a05af9ea" testId="ccbc9f85-95c2-178a-8482-837ee0458e66" testName="AISwarm.Tests.Commands.LaunchAgentCommandHandlerTests.WhenDryRunWithInvalidWorktree_ShouldStillReportPlannedInvalidName" computerName="DESKTOP-TCPMHJ0" duration="00:00:00.0006027" startTime="2025-08-25T09:00:30.5183981-07:00" endTime="2025-08-25T09:00:30.5183982-07:00" testType="13cdc9d9-ddb5-4fa4-a97d-d965ccfc6d4b" outcome="Passed" testListId="8c84fa94-04c1-424b-9868-57a2d4851a1d" relativeResultsDirectory="26d6cbd6-4fa0-4326-8923-1368a05af9ea" />
    <UnitTestResult executionId="0fd68691-98ea-46ce-affb-8ad6195f8aa3" testId="9c7f3e6f-7060-e8c8-cbb1-fb23c2e839ae" testName="AISwarm.Tests.Services.WorkItemNotificationServiceTests.WhenSubscribingWithNullPersona_ShouldThrowArgumentException" computerName="DESKTOP-TCPMHJ0" duration="00:00:00.0006254" startTime="2025-08-25T09:00:29.8761285-07:00" endTime="2025-08-25T09:00:29.8761289-07:00" testType="13cdc9d9-ddb5-4fa4-a97d-d965ccfc6d4b" outcome="Passed" testListId="8c84fa94-04c1-424b-9868-57a2d4851a1d" relativeResultsDirectory="0fd68691-98ea-46ce-affb-8ad6195f8aa3" />
    <UnitTestResult executionId="bade18d4-f377-4dbe-8f66-d0fc43588ef4" testId="7a14a862-ac0b-4a76-d598-145bf4aba4fc" testName="AISwarm.Tests.Commands.LaunchAgentCommandHandlerTests.WhenGeminiLaunchThrows_ShouldSurfaceError" computerName="DESKTOP-TCPMHJ0" duration="00:00:00.0008650" startTime="2025-08-25T09:00:30.5210410-07:00" endTime="2025-08-25T09:00:30.5210411-07:00" testType="13cdc9d9-ddb5-4fa4-a97d-d965ccfc6d4b" outcome="Passed" testListId="8c84fa94-04c1-424b-9868-57a2d4851a1d" relativeResultsDirectory="bade18d4-f377-4dbe-8f66-d0fc43588ef4" />
    <UnitTestResult executionId="86b0b3df-a5b7-40ad-8c9f-3332f67e30c6" testId="4a352b35-f9a9-8d4f-cd18-ad188ceac6fa" testName="AISwarm.Tests.Commands.LaunchAgentCommandHandlerTests.WhenMonitorEnabledAndAgentRegistered_ShouldConfigureGeminiWithSettingsFile" computerName="DESKTOP-TCPMHJ0" duration="00:00:00.0025590" startTime="2025-08-25T09:00:30.5148896-07:00" endTime="2025-08-25T09:00:30.5148897-07:00" testType="13cdc9d9-ddb5-4fa4-a97d-d965ccfc6d4b" outcome="Passed" testListId="8c84fa94-04c1-424b-9868-57a2d4851a1d" relativeResultsDirectory="86b0b3df-a5b7-40ad-8c9f-3332f67e30c6" />
    <UnitTestResult executionId="722b6004-912f-473b-ac71-fa8bd593abde" testId="350b573a-ae54-7831-e68f-61fd7fcaaa33" testName="AISwarm.Tests.McpTools.GetNextTaskMcpToolTests.WhenHighPriorityUnassignedAndLowPriorityAssigned_ShouldReturnAssignedTaskFirst" computerName="DESKTOP-TCPMHJ0" duration="00:00:00.0022661" startTime="2025-08-25T09:00:30.5145901-07:00" endTime="2025-08-25T09:00:30.5145902-07:00" testType="13cdc9d9-ddb5-4fa4-a97d-d965ccfc6d4b" outcome="Passed" testListId="8c84fa94-04c1-424b-9868-57a2d4851a1d" relativeResultsDirectory="722b6004-912f-473b-ac71-fa8bd593abde" />
    <UnitTestResult executionId="5e21ca5f-7566-4640-8f27-a34ab4f75b43" testId="628e1dc1-2511-ad56-d229-870b86200812" testName="AISwarm.Tests.Services.LocalAgentServiceTests.WhenKillingAgent_ShouldUpdateStatusAndKillTime" computerName="DESKTOP-TCPMHJ0" duration="00:00:00.0010831" startTime="2025-08-25T09:00:30.5118176-07:00" endTime="2025-08-25T09:00:30.5118177-07:00" testType="13cdc9d9-ddb5-4fa4-a97d-d965ccfc6d4b" outcome="Passed" testListId="8c84fa94-04c1-424b-9868-57a2d4851a1d" relativeResultsDirectory="5e21ca5f-7566-4640-8f27-a34ab4f75b43" />
    <UnitTestResult executionId="33cb22d0-e071-4815-9a05-74cccdfc9db5" testId="eff04b39-e4e9-f26b-bd02-2d7f8e9669cd" testName="AISwarm.Tests.Commands.LaunchAgentCommandHandlerTests.WhenDirectoryAndWorktreeProvided_WorktreePathShouldOverride" computerName="DESKTOP-TCPMHJ0" duration="00:00:00.0013582" startTime="2025-08-25T09:00:30.5236883-07:00" endTime="2025-08-25T09:00:30.5236883-07:00" testType="13cdc9d9-ddb5-4fa4-a97d-d965ccfc6d4b" outcome="Passed" testListId="8c84fa94-04c1-424b-9868-57a2d4851a1d" relativeResultsDirectory="33cb22d0-e071-4815-9a05-74cccdfc9db5" />
    <UnitTestResult executionId="0e218d43-5be5-484c-a12a-d7456e18ad5c" testId="1d71f505-c56c-8ab4-dfdb-12ee9a068518" testName="AISwarm.Tests.McpTools.GetTaskMcpToolTests.GetTasksByAgentIdAndStatusAsync_WhenInvalidStatus_ShouldReturnFailure" computerName="DESKTOP-TCPMHJ0" duration="00:00:00.0004984" startTime="2025-08-25T09:00:30.5312668-07:00" endTime="2025-08-25T09:00:30.5312668-07:00" testType="13cdc9d9-ddb5-4fa4-a97d-d965ccfc6d4b" outcome="Passed" testListId="8c84fa94-04c1-424b-9868-57a2d4851a1d" relativeResultsDirectory="0e218d43-5be5-484c-a12a-d7456e18ad5c" />
    <UnitTestResult executionId="468de7ef-8602-4aac-a590-5ea2123f05e5" testId="d2d7c3f5-591c-e5f3-164a-429907879670" testName="AISwarm.Tests.Commands.LaunchAgentCommandHandlerTests.WhenMonitorEnabled_ShouldRegisterAgentInDatabase" computerName="DESKTOP-TCPMHJ0" duration="00:00:00.4784182" startTime="2025-08-25T09:00:30.5009000-07:00" endTime="2025-08-25T09:00:30.5009000-07:00" testType="13cdc9d9-ddb5-4fa4-a97d-d965ccfc6d4b" outcome="Passed" testListId="8c84fa94-04c1-424b-9868-57a2d4851a1d" relativeResultsDirectory="468de7ef-8602-4aac-a590-5ea2123f05e5" />
    <UnitTestResult executionId="753f40c9-eaad-4f84-b787-1af0b195c674" testId="42d409ee-068b-9cdb-cb1d-d0dde1f10be2" testName="AISwarm.Tests.Commands.LaunchAgentCommandHandlerTests.WhenWorktreeSpecified_ShouldCreateWorktree_ThenContext_InNewDirectory" computerName="DESKTOP-TCPMHJ0" duration="00:00:00.0038886" startTime="2025-08-25T09:00:30.5106732-07:00" endTime="2025-08-25T09:00:30.5106733-07:00" testType="13cdc9d9-ddb5-4fa4-a97d-d965ccfc6d4b" outcome="Passed" testListId="8c84fa94-04c1-424b-9868-57a2d4851a1d" relativeResultsDirectory="753f40c9-eaad-4f84-b787-1af0b195c674" />
    <UnitTestResult executionId="ef859fae-3536-466a-a272-f3f3490cadda" testId="38408f11-e5bf-ee3b-4a90-09fd0c6f861d" testName="AISwarm.Tests.McpTools.GetTaskMcpToolTests.GetTaskStatusAsync_WhenTaskIdIsInvalidOrNotFound_ShouldReturnNullValues(taskId: &quot;550e8400-e29b-41d4-a716-446655440000&quot;)" computerName="DESKTOP-TCPMHJ0" duration="00:00:00.0003148" startTime="2025-08-25T09:00:30.5173308-07:00" endTime="2025-08-25T09:00:30.5173308-07:00" testType="13cdc9d9-ddb5-4fa4-a97d-d965ccfc6d4b" outcome="Passed" testListId="8c84fa94-04c1-424b-9868-57a2d4851a1d" relativeResultsDirectory="ef859fae-3536-466a-a272-f3f3490cadda" />
    <UnitTestResult executionId="7315aa3d-dcf9-4cd6-bd2a-0fddf7db1245" testId="30198201-2f56-c2bd-139b-92d9c9f5c319" testName="AISwarm.Tests.Commands.LaunchAgentCommandHandlerTests.WhenWorktreeInvalid_ShouldLogErrorAndAbort" computerName="DESKTOP-TCPMHJ0" duration="00:00:00.0009011" startTime="2025-08-25T09:00:30.5193345-07:00" endTime="2025-08-25T09:00:30.5193345-07:00" testType="13cdc9d9-ddb5-4fa4-a97d-d965ccfc6d4b" outcome="Passed" testListId="8c84fa94-04c1-424b-9868-57a2d4851a1d" relativeResultsDirectory="7315aa3d-dcf9-4cd6-bd2a-0fddf7db1245" />
    <UnitTestResult executionId="92a56c57-9ecb-42e2-b17c-9bbb0e2286ce" testId="74b7a86d-528f-874e-5979-e6ccce2f23bd" testName="AISwarm.Tests.Commands.InitCommandHandlerTests.WhenInitializingDirectory_ShouldLogSuccessMessage" computerName="DESKTOP-TCPMHJ0" duration="00:00:00.0008797" startTime="2025-08-25T09:00:29.6742935-07:00" endTime="2025-08-25T09:00:29.6742935-07:00" testType="13cdc9d9-ddb5-4fa4-a97d-d965ccfc6d4b" outcome="Passed" testListId="8c84fa94-04c1-424b-9868-57a2d4851a1d" relativeResultsDirectory="92a56c57-9ecb-42e2-b17c-9bbb0e2286ce" />
    <UnitTestResult executionId="1ca647f8-ef3e-4e1f-b359-63dec0a9fd24" testId="7c1bea72-1169-7406-9b2e-464ac7b300f0" testName="AISwarm.Tests.McpTools.GetNextTaskMcpToolTests.WhenTaskArrivesWhilePolling_ShouldReturnTaskImmediately" computerName="DESKTOP-TCPMHJ0" duration="00:00:00.1089338" startTime="2025-08-25T09:00:31.1110345-07:00" endTime="2025-08-25T09:00:31.1110347-07:00" testType="13cdc9d9-ddb5-4fa4-a97d-d965ccfc6d4b" outcome="Passed" testListId="8c84fa94-04c1-424b-9868-57a2d4851a1d" relativeResultsDirectory="1ca647f8-ef3e-4e1f-b359-63dec0a9fd24" />
    <UnitTestResult executionId="2c026528-231f-49a8-a39b-b642730c3770" testId="ab6b26d5-a075-61c9-4993-9aedadb39362" testName="AISwarm.Tests.McpTools.GetTaskMcpToolTests.GetTasksByAgentIdAndStatusAsync_WhenNoTasksMatch_ShouldReturnEmptyArray(agentId: &quot;agent-1&quot;, status: &quot;Pending&quot;)" computerName="DESKTOP-TCPMHJ0" duration="00:00:00.0051126" startTime="2025-08-25T09:00:30.5295403-07:00" endTime="2025-08-25T09:00:30.5295404-07:00" testType="13cdc9d9-ddb5-4fa4-a97d-d965ccfc6d4b" outcome="Passed" testListId="8c84fa94-04c1-424b-9868-57a2d4851a1d" relativeResultsDirectory="2c026528-231f-49a8-a39b-b642730c3770" />
    <UnitTestResult executionId="6d531203-3a98-4b7b-8574-4199a398e9c4" testId="27690749-20fb-441b-24e3-ea0ef72ab8cb" testName="AISwarm.Tests.Commands.LaunchAgentCommandHandlerTests.WhenMonitorEnabledAndAgentRegistered_ShouldAppendAgentIdToContextFile" computerName="DESKTOP-TCPMHJ0" duration="00:00:00.0012316" startTime="2025-08-25T09:00:30.5161617-07:00" endTime="2025-08-25T09:00:30.5161617-07:00" testType="13cdc9d9-ddb5-4fa4-a97d-d965ccfc6d4b" outcome="Passed" testListId="8c84fa94-04c1-424b-9868-57a2d4851a1d" relativeResultsDirectory="6d531203-3a98-4b7b-8574-4199a398e9c4" />
  </Results>
  <TestDefinitions>
    <UnitTest name="AISwarm.Tests.McpTools.GetTaskMcpToolTests.GetTasksByStatusAsync_WhenTasksExistWithStatus_ShouldReturnFilteredTasks(statusFilter: &quot;InProgress&quot;)" storage="d:\dev\projects\aiswarm\tests\aiswarm.tests\bin\debug\net9.0\aiswarm.tests.dll" id="466fba57-d4f4-9df5-8412-f276ff4bf8ee">
      <Execution id="ccae2378-4fd6-4c80-a0bc-0b39e3fb9701" />
      <TestMethod codeBase="D:\dev\projects\aiswarm\tests\AISwarm.Tests\bin\Debug\net9.0\AISwarm.Tests.dll" adapterTypeName="executor://xunit/VsTestRunner2/netcoreapp" className="AISwarm.Tests.McpTools.GetTaskMcpToolTests" name="GetTasksByStatusAsync_WhenTasksExistWithStatus_ShouldReturnFilteredTasks" />
    </UnitTest>
    <UnitTest name="AISwarm.Tests.McpTools.GetTaskMcpToolTests.GetTaskStatusAsync_WhenTaskHasEmptyAgentId_ShouldReturnEmptyAgentIdForAllStatuses(statusName: &quot;InProgress&quot;)" storage="d:\dev\projects\aiswarm\tests\aiswarm.tests\bin\debug\net9.0\aiswarm.tests.dll" id="684288b2-8bc4-cc4d-560c-caa61811dfb4">
      <Execution id="4e291463-9d20-4ed5-b02f-70b5affeec2d" />
      <TestMethod codeBase="D:\dev\projects\aiswarm\tests\AISwarm.Tests\bin\Debug\net9.0\AISwarm.Tests.dll" adapterTypeName="executor://xunit/VsTestRunner2/netcoreapp" className="AISwarm.Tests.McpTools.GetTaskMcpToolTests" name="GetTaskStatusAsync_WhenTaskHasEmptyAgentId_ShouldReturnEmptyAgentIdForAllStatuses" />
    </UnitTest>
    <UnitTest name="AISwarm.Tests.Services.LocalAgentServiceTests.WhenMarkingAgentRunning_ShouldUpdateStatusAndStartTime" storage="d:\dev\projects\aiswarm\tests\aiswarm.tests\bin\debug\net9.0\aiswarm.tests.dll" id="0cdd69b5-911c-6f14-1de5-6216661571c3">
      <Execution id="e3fae656-3e93-4c1a-bc54-d0052809b1f2" />
      <TestMethod codeBase="D:\dev\projects\aiswarm\tests\AISwarm.Tests\bin\Debug\net9.0\AISwarm.Tests.dll" adapterTypeName="executor://xunit/VsTestRunner2/netcoreapp" className="AISwarm.Tests.Services.LocalAgentServiceTests" name="WhenMarkingAgentRunning_ShouldUpdateStatusAndStartTime" />
    </UnitTest>
    <UnitTest name="AISwarm.Tests.McpTools.GetTaskMcpToolTests.GetTasksByStatusAsync_WhenTasksHaveTimestamps_ShouldReturnTimestampFields(statusFilter: &quot;InProgress&quot;)" storage="d:\dev\projects\aiswarm\tests\aiswarm.tests\bin\debug\net9.0\aiswarm.tests.dll" id="3e1293f0-18b6-9221-762d-ecf452cf42eb">
      <Execution id="5cef418d-55f6-4898-94d0-3cfebd8bde07" />
      <TestMethod codeBase="D:\dev\projects\aiswarm\tests\AISwarm.Tests\bin\Debug\net9.0\AISwarm.Tests.dll" adapterTypeName="executor://xunit/VsTestRunner2/netcoreapp" className="AISwarm.Tests.McpTools.GetTaskMcpToolTests" name="GetTasksByStatusAsync_WhenTasksHaveTimestamps_ShouldReturnTimestampFields" />
    </UnitTest>
    <UnitTest name="AISwarm.Tests.Database.Entities.AgentEntityTests.WhenCreatingAgent_ShouldHaveAllRequiredProperties" storage="d:\dev\projects\aiswarm\tests\aiswarm.tests\bin\debug\net9.0\aiswarm.tests.dll" id="e2306cdf-05e9-e555-8d50-220a9bf64290">
      <Execution id="93b40406-896c-4515-ab0b-2920c5ab8876" />
      <TestMethod codeBase="D:\dev\projects\aiswarm\tests\AISwarm.Tests\bin\Debug\net9.0\AISwarm.Tests.dll" adapterTypeName="executor://xunit/VsTestRunner2/netcoreapp" className="AISwarm.Tests.Database.Entities.AgentEntityTests" name="WhenCreatingAgent_ShouldHaveAllRequiredProperties" />
    </UnitTest>
    <UnitTest name="AISwarm.Tests.McpTools.GetNextTaskMcpToolTests.WhenHighPriorityUnassignedAndLowPriorityAssigned_ShouldReturnAssignedTaskFirst" storage="d:\dev\projects\aiswarm\tests\aiswarm.tests\bin\debug\net9.0\aiswarm.tests.dll" id="350b573a-ae54-7831-e68f-61fd7fcaaa33">
      <Execution id="722b6004-912f-473b-ac71-fa8bd593abde" />
      <TestMethod codeBase="D:\dev\projects\aiswarm\tests\AISwarm.Tests\bin\Debug\net9.0\AISwarm.Tests.dll" adapterTypeName="executor://xunit/VsTestRunner2/netcoreapp" className="AISwarm.Tests.McpTools.GetNextTaskMcpToolTests" name="WhenHighPriorityUnassignedAndLowPriorityAssigned_ShouldReturnAssignedTaskFirst" />
    </UnitTest>
    <UnitTest name="AISwarm.Tests.Commands.LaunchAgentCommandHandlerTests.WhenMonitorDisabled_ShouldUseLegacyGeminiLaunch" storage="d:\dev\projects\aiswarm\tests\aiswarm.tests\bin\debug\net9.0\aiswarm.tests.dll" id="88cf90a5-0d8b-1da3-50f3-591b015b091f">
      <Execution id="0cedf1c1-450d-4989-bc86-87875ceda0b4" />
[...]
    <TestEntry testId="a54cc9ca-0d31-06f3-712b-e47a0aaecabd" executionId="2bf60181-9547-4e83-a102-22e9775d40cb" testListId="8c84fa94-04c1-424b-9868-57a2d4851a1d" />
    <TestEntry testId="617ae03d-cd75-7404-36e6-5ae1ed9baaf6" executionId="566e265e-8f04-41d8-8987-d8a32a713ec0" testListId="8c84fa94-04c1-424b-9868-57a2d4851a1d" />
    <TestEntry testId="9d060dd6-c603-dc14-b969-73920af6dc91" executionId="c4ed338f-86c2-49fa-9893-895c45d306d7" testListId="8c84fa94-04c1-424b-9868-57a2d4851a1d" />
    <TestEntry testId="b35f7e0a-3f3d-3fc4-eed9-d0c284ac93a0" executionId="8260f095-3281-4908-ab37-5b979f4d6d3b" testListId="8c84fa94-04c1-424b-9868-57a2d4851a1d" />
    <TestEntry testId="684288b2-8bc4-cc4d-560c-caa61811dfb4" executionId="4e291463-9d20-4ed5-b02f-70b5affeec2d" testListId="8c84fa94-04c1-424b-9868-57a2d4851a1d" />
    <TestEntry testId="bd221b59-f706-ab2c-6699-f87d63c128a7" executionId="90ea0150-a9da-4fc3-80e6-a3700bc5d2bd" testListId="8c84fa94-04c1-424b-9868-57a2d4851a1d" />
    <TestEntry testId="bbb822db-5b8d-6ce7-9e28-e8da1a19f35a" executionId="eda7ed90-5737-43e3-af7b-b8f86c9f6da8" testListId="8c84fa94-04c1-424b-9868-57a2d4851a1d" />
    <TestEntry testId="78e30a20-5e5d-d520-7315-4f8d3e71b086" executionId="b9fc6cd3-7d63-4fe2-b845-d907328c0aeb" testListId="8c84fa94-04c1-424b-9868-57a2d4851a1d" />
    <TestEntry testId="e16b6948-f207-467d-c5f8-0f452d543f30" executionId="10a666bd-35fe-4440-bad9-3d70e197af88" testListId="8c84fa94-04c1-424b-9868-57a2d4851a1d" />
    <TestEntry testId="b72cec9f-f4da-6e37-fd5f-e5e944f66b4a" executionId="a0c4d066-5b31-4927-8bc5-b2a6249c8ab3" testListId="8c84fa94-04c1-424b-9868-57a2d4851a1d" />
    <TestEntry testId="bd3d98d7-b32f-be3d-b46d-131f51e63082" executionId="1a0592fb-2aba-4d88-b51f-0fd0e9e7243c" testListId="8c84fa94-04c1-424b-9868-57a2d4851a1d" />
    <TestEntry testId="1b8b7a4d-bb79-e555-dfa9-4d20dd7d90c7" executionId="ca2aeabe-0678-433f-baab-ab88048eb8e1" testListId="8c84fa94-04c1-424b-9868-57a2d4851a1d" />
    <TestEntry testId="3e1293f0-18b6-9221-762d-ecf452cf42eb" executionId="5cef418d-55f6-4898-94d0-3cfebd8bde07" testListId="8c84fa94-04c1-424b-9868-57a2d4851a1d" />
    <TestEntry testId="e618f9ec-0d79-243f-be3d-e3760424660a" executionId="d271f73d-60c6-4597-908d-d71204177005" testListId="8c84fa94-04c1-424b-9868-57a2d4851a1d" />
    <TestEntry testId="349e96f4-6efa-2f01-b4aa-ac789bc7d3f4" executionId="fc8020aa-1227-432d-9bb4-1f12909d350a" testListId="8c84fa94-04c1-424b-9868-57a2d4851a1d" />
    <TestEntry testId="60ad89e8-828b-2166-7bde-9a4d260571ec" executionId="e310658e-216d-4f36-82f5-ad44cc4e6c45" testListId="8c84fa94-04c1-424b-9868-57a2d4851a1d" />
    <TestEntry testId="d8d9766c-01b5-9bdd-caf0-b77b08c05afd" executionId="a6b069d7-ae96-4ba1-b308-9e1888cb548a" testListId="8c84fa94-04c1-424b-9868-57a2d4851a1d" />
    <TestEntry testId="174bd1e8-cc85-c630-c542-0aebc7308e11" executionId="b6da328c-0db6-4ec6-bbac-975b6f06096c" testListId="8c84fa94-04c1-424b-9868-57a2d4851a1d" />
    <TestEntry testId="73b569ba-a5d7-755c-190e-a36137adab5a" executionId="80c244a2-1f87-4e13-921a-78bcd336e936" testListId="8c84fa94-04c1-424b-9868-57a2d4851a1d" />
    <TestEntry testId="53a92125-0bfb-dd41-9ae5-6fde03d744f9" executionId="23928592-8971-4c73-a57d-bcb78a8eadc9" testListId="8c84fa94-04c1-424b-9868-57a2d4851a1d" />
    <TestEntry testId="ac62e71c-84ef-2858-c565-8d71710ebcf5" executionId="6a8ee670-9e85-4d59-b9f6-34939372e446" testListId="8c84fa94-04c1-424b-9868-57a2d4851a1d" />
    <TestEntry testId="040d0ec4-d3bb-bd87-4fc0-005652f9c56a" executionId="a7670394-ad3f-4616-a750-bb4392f08388" testListId="8c84fa94-04c1-424b-9868-57a2d4851a1d" />
    <TestEntry testId="56d443e1-4b05-2419-e4e9-283ff791cf71" executionId="ced1d48e-23da-4070-a919-6bfaf2190013" testListId="8c84fa94-04c1-424b-9868-57a2d4851a1d" />
    <TestEntry testId="d004edb1-45b1-457c-8eec-b0577c9e3583" executionId="7fd776eb-601a-4a51-8616-09e42a745442" testListId="8c84fa94-04c1-424b-9868-57a2d4851a1d" />
    <TestEntry testId="fa9826db-87cc-dfb5-1ed8-955ee40ab3e7" executionId="99cd30fb-3a08-47e8-a435-66acf8c81006" testListId="8c84fa94-04c1-424b-9868-57a2d4851a1d" />
    <TestEntry testId="c034ee07-9fca-b95c-b641-65dc4c724f4a" executionId="288a257d-8dcd-4039-8ab0-e706f3849791" testListId="8c84fa94-04c1-424b-9868-57a2d4851a1d" />
    <TestEntry testId="f680fce5-9146-6a52-27d7-0ef68beac194" executionId="3d898e81-e8f9-461d-ac36-43c1a44da534" testListId="8c84fa94-04c1-424b-9868-57a2d4851a1d" />
    <TestEntry testId="93023e9b-28fa-09dd-c03d-773243038557" executionId="17fb40ae-4507-49f5-8883-df4af4a6559b" testListId="8c84fa94-04c1-424b-9868-57a2d4851a1d" />
    <TestEntry testId="3622e1a5-001f-dd11-4125-80817fe9cbd4" executionId="198499e9-5949-4cbd-a025-95e1f5ed8a1b" testListId="8c84fa94-04c1-424b-9868-57a2d4851a1d" />
    <TestEntry testId="f2bb0d48-4190-a5ae-2f13-ed61e21a3d28" executionId="c9095309-a419-4d1f-9987-b11ad88735fe" testListId="8c84fa94-04c1-424b-9868-57a2d4851a1d" />
    <TestEntry testId="1c127154-6ed1-ed5b-1833-b711a8b48430" executionId="45b2d427-e34b-4444-b73d-8f58e7e32fe2" testListId="8c84fa94-04c1-424b-9868-57a2d4851a1d" />
    <TestEntry testId="e5231277-9fa4-7ca1-bb52-dce2f213cbf5" executionId="bd49d1dd-3e2f-4d3f-9904-b1a697e5cbf5" testListId="8c84fa94-04c1-424b-9868-57a2d4851a1d" />
    <TestEntry testId="31087b07-b97a-0793-5eab-90f1887b7a95" executionId="7b1ea494-fcef-4efc-8410-204fcf4dca1e" testListId="8c84fa94-04c1-424b-9868-57a2d4851a1d" />
    <TestEntry testId="5510aac5-4832-88e3-2f9b-942355bcd4ed" executionId="1f6bedfa-953c-40b7-85b5-12187accf1ed" testListId="8c84fa94-04c1-424b-9868-57a2d4851a1d" />
    <TestEntry testId="466fba57-d4f4-9df5-8412-f276ff4bf8ee" executionId="ccae2378-4fd6-4c80-a0bc-0b39e3fb9701" testListId="8c84fa94-04c1-424b-9868-57a2d4851a1d" />
    <TestEntry testId="cfd6dc59-ee89-4d68-ba79-19a0e3beed8d" executionId="9d3e6808-25db-440c-8954-4f1b734a4d7e" testListId="8c84fa94-04c1-424b-9868-57a2d4851a1d" />
    <TestEntry testId="c3e49889-05e5-b3db-c5e0-a85d06a2bd7a" executionId="04f3195c-b30f-4ff0-9e75-c307750d6a2d" testListId="8c84fa94-04c1-424b-9868-57a2d4851a1d" />
    <TestEntry testId="534f5e89-aef5-8b74-d0ae-62cebdb9b596" executionId="cae6fae8-f033-4a6e-b05c-85c8fa213357" testListId="8c84fa94-04c1-424b-9868-57a2d4851a1d" />
    <TestEntry testId="656ad1a7-8e74-75bd-0a9c-b7c5fc195d87" executionId="8af9050b-7104-499e-b0a3-ab2cc75efd0c" testListId="8c84fa94-04c1-424b-9868-57a2d4851a1d" />
    <TestEntry testId="5a3edbc3-d906-81c2-c5f0-e6bb677089be" executionId="1225304f-8bb7-4ef0-ba15-1a2cf89be954" testListId="8c84fa94-04c1-424b-9868-57a2d4851a1d" />
    <TestEntry testId="9a9b4e7a-960e-fd42-0017-eec571d6c865" executionId="149af80f-3f43-422e-853e-65fc91bc79a3" testListId="8c84fa94-04c1-424b-9868-57a2d4851a1d" />
    <TestEntry testId="7345a97e-e9ef-210f-2880-aef65ad31e91" executionId="7d91f800-ef04-4566-8cd3-9814764b1d67" testListId="8c84fa94-04c1-424b-9868-57a2d4851a1d" />
    <TestEntry testId="8a669c83-62bf-ef6c-95e7-0f672cf26569" executionId="0378881f-5e28-4090-86a7-d035e89150bb" testListId="8c84fa94-04c1-424b-9868-57a2d4851a1d" />
    <TestEntry testId="8d1c2bb1-d500-f58e-e060-eac9cbfc5f49" executionId="1d8df8c5-4b19-49b6-a337-ac48d7485bf2" testListId="8c84fa94-04c1-424b-9868-57a2d4851a1d" />
    <TestEntry testId="b43cc523-641e-7393-315e-afdb4ab555b9" executionId="f603c190-9e30-436b-9469-0ee61f7b762a" testListId="8c84fa94-04c1-424b-9868-57a2d4851a1d" />
    <TestEntry testId="c32bb922-c4dd-a3c4-e12e-1adc90cb5563" executionId="f9d5d03e-5349-475e-be2b-8e0f797cd348" testListId="8c84fa94-04c1-424b-9868-57a2d4851a1d" />
    <TestEntry testId="81bf1e3c-0fa6-2ee3-7e64-596b958f14ee" executionId="40bf5cdf-60dc-4500-8138-bbfa791dcba3" testListId="8c84fa94-04c1-424b-9868-57a2d4851a1d" />
    <TestEntry testId="5484e4a8-57d6-dc3d-d9e8-191d861c49ea" executionId="3d3ca0b1-b9f4-4d50-9fce-96a853e28731" testListId="8c84fa94-04c1-424b-9868-57a2d4851a1d" />
    <TestEntry testId="f7671144-fbb4-0aca-f8a0-0f721ef4e0e4" executionId="f00cdc6b-4aff-4528-a660-5f14db00e01e" testListId="8c84fa94-04c1-424b-9868-57a2d4851a1d" />
    <TestEntry testId="31856896-bdfc-c8aa-34d8-bf5d092f2c90" executionId="535937af-7fe2-4191-bd78-d703c2682bd6" testListId="8c84fa94-04c1-424b-9868-57a2d4851a1d" />
    <TestEntry testId="0d1e31fb-be26-2d0e-2dad-cb6f56d5ad52" executionId="612e3125-2417-4ee4-8ee8-080bd8118006" testListId="8c84fa94-04c1-424b-9868-57a2d4851a1d" />
    <TestEntry testId="82d9c2fc-3181-90c3-042b-6f34f3a2541f" executionId="cf46c2b0-1345-4039-bf89-e49f617ca51f" testListId="8c84fa94-04c1-424b-9868-57a2d4851a1d" />
    <TestEntry testId="7fe750f1-75f5-a6fb-4933-d47badc272b6" executionId="0594c7a2-57a8-4342-970d-16822a486da3" testListId="8c84fa94-04c1-424b-9868-57a2d4851a1d" />
    <TestEntry testId="063da14e-2b1d-06d3-220e-9f163cabfdca" executionId="4758e8f0-b137-4821-abf7-22ad4631c3a9" testListId="8c84fa94-04c1-424b-9868-57a2d4851a1d" />
    <TestEntry testId="fc4d96e5-e262-04e1-a699-e37a3391d64b" executionId="a2a80d9f-7d07-4504-a4d6-9177d6948ebc" testListId="8c84fa94-04c1-424b-9868-57a2d4851a1d" />
    <TestEntry testId="97955125-fb13-3be0-dbb7-61d5e1b0703e" executionId="2690b47f-4031-4b7d-a726-73b20c3621cc" testListId="8c84fa94-04c1-424b-9868-57a2d4851a1d" />
    <TestEntry testId="9650308b-31a3-f51e-c8f1-7dd7ea056236" executionId="226999c9-45ef-4ad3-bcc3-b7dd16c4c8a2" testListId="8c84fa94-04c1-424b-9868-57a2d4851a1d" />
    <TestEntry testId="0cdd69b5-911c-6f14-1de5-6216661571c3" executionId="e3fae656-3e93-4c1a-bc54-d0052809b1f2" testListId="8c84fa94-04c1-424b-9868-57a2d4851a1d" />
    <TestEntry testId="bdc8de9c-4b99-ed68-a420-3f1ed9c50c32" executionId="6d18f762-f4ac-4738-9af5-81373e9f9370" testListId="8c84fa94-04c1-424b-9868-57a2d4851a1d" />
    <TestEntry testId="5c2d185c-f4b7-8d11-0542-f07e098ef12b" executionId="4dc3f9e7-8777-4067-9fdc-e33754aa2940" testListId="8c84fa94-04c1-424b-9868-57a2d4851a1d" />
    <TestEntry testId="41dbe40b-1a9d-9d27-fe75-f01c6600570c" executionId="ec51e8d6-901b-4b8d-961c-e831a0674f20" testListId="8c84fa94-04c1-424b-9868-57a2d4851a1d" />
    <TestEntry testId="dbee0107-4809-e4ba-05d8-8bf39b7f8719" executionId="8a88df1c-11c6-406b-b77a-3246f54a8788" testListId="8c84fa94-04c1-424b-9868-57a2d4851a1d" />
    <TestEntry testId="f5f7809f-1349-1481-929c-97e19e0865e0" executionId="a1cba6ab-a989-47e3-9b3b-d7c6e7806650" testListId="8c84fa94-04c1-424b-9868-57a2d4851a1d" />
    <TestEntry testId="6af068f3-049c-815c-0f0e-3cf604457956" executionId="47a5a04a-8b92-4a84-87d9-f80082daed2e" testListId="8c84fa94-04c1-424b-9868-57a2d4851a1d" />
    <TestEntry testId="e76b5508-3375-8296-a4c3-b4d7be56ce24" executionId="4b23a771-a485-4761-bc87-23113421036b" testListId="8c84fa94-04c1-424b-9868-57a2d4851a1d" />
    <TestEntry testId="e4f0af3d-1d4f-5140-f4d0-1365f94a2053" executionId="e8871a93-1b99-4543-96c7-e89054f29ead" testListId="8c84fa94-04c1-424b-9868-57a2d4851a1d" />
    <TestEntry testId="eb1c7399-a403-4dfb-7ca3-72bd536a7054" executionId="1f04c0f1-d33c-4779-9190-37d2deeeb67b" testListId="8c84fa94-04c1-424b-9868-57a2d4851a1d" />
    <TestEntry testId="8bad6da1-e88f-d04c-fcc1-4ae17b8bd192" executionId="b0932fb9-872c-4d86-8aac-701fe22426cb" testListId="8c84fa94-04c1-424b-9868-57a2d4851a1d" />
    <TestEntry testId="3dafe89a-5822-3c9d-3430-b5f26a5140aa" executionId="a79cd3e5-0b0a-45da-bdd2-da9c870229bf" testListId="8c84fa94-04c1-424b-9868-57a2d4851a1d" />
    <TestEntry testId="172d7360-8cb5-a4ee-8b84-ea49ef9c1f90" executionId="2dd1b863-f9e7-43ea-a97f-b848537db78f" testListId="8c84fa94-04c1-424b-9868-57a2d4851a1d" />
    <TestEntry testId="e571880d-596a-c5e4-66e9-634bed3be6e3" executionId="57f2e6ca-6750-43a7-9e40-1b90462a0444" testListId="8c84fa94-04c1-424b-9868-57a2d4851a1d" />
    <TestEntry testId="8542b4cc-3518-3c6f-75e6-1535310f9c44" executionId="41b17676-6bdc-434e-a28f-c2e6d90a349e" testListId="8c84fa94-04c1-424b-9868-57a2d4851a1d" />
    <TestEntry testId="f45c0f91-48e7-227a-7804-a0a5e53a2013" executionId="9e14c626-77d5-4942-b495-28839c38b2a5" testListId="8c84fa94-04c1-424b-9868-57a2d4851a1d" />
    <TestEntry testId="e4f37822-6856-80e2-2de9-d1053c2401b7" executionId="a08fb378-6138-48cb-9f28-d3c93bea6f3e" testListId="8c84fa94-04c1-424b-9868-57a2d4851a1d" />
    <TestEntry testId="61032449-abeb-a855-8987-787f751af67a" executionId="f434d99c-2296-4988-ba36-42a122a26f50" testListId="8c84fa94-04c1-424b-9868-57a2d4851a1d" />
    <TestEntry testId="673f4cad-5b26-d0eb-6ea0-2c920f41168e" executionId="ca182c4d-3890-456a-b776-2024950f12ce" testListId="8c84fa94-04c1-424b-9868-57a2d4851a1d" />
    <TestEntry testId="55699754-c1d8-38a6-a14a-c3cf3d129429" executionId="175a140e-705b-451f-90de-78dec42c6ff8" testListId="8c84fa94-04c1-424b-9868-57a2d4851a1d" />
    <TestEntry testId="bd4446e9-3a77-bd26-3bda-1939b8d9e3f8" executionId="caecd2cf-e1ff-410a-b9f5-d0627d194b19" testListId="8c84fa94-04c1-424b-9868-57a2d4851a1d" />
    <TestEntry testId="74cf3211-aaa2-d307-7c3e-64bdc9b2ac09" executionId="16f7d5f4-9f94-40c5-9900-31f5c9adc9ae" testListId="8c84fa94-04c1-424b-9868-57a2d4851a1d" />
    <TestEntry testId="e4938c9c-555b-684c-f5e8-d15f91a44f77" executionId="665889b2-c117-4f7a-8857-0d7982527ec7" testListId="8c84fa94-04c1-424b-9868-57a2d4851a1d" />
    <TestEntry testId="fc608da7-50bf-da34-d31f-9253987bee87" executionId="a96d16bb-53e9-4fab-beab-aa72f8e92905" testListId="8c84fa94-04c1-424b-9868-57a2d4851a1d" />
    <TestEntry testId="3acc4567-93ed-1975-476b-a133b787de99" executionId="6ed4c3ab-4a3b-41d3-9954-0245c4a3dea1" testListId="8c84fa94-04c1-424b-9868-57a2d4851a1d" />
    <TestEntry testId="e2306cdf-05e9-e555-8d50-220a9bf64290" executionId="93b40406-896c-4515-ab0b-2920c5ab8876" testListId="8c84fa94-04c1-424b-9868-57a2d4851a1d" />
    <TestEntry testId="d445e47e-bdaa-71df-59d2-4a02319d7dac" executionId="c103451a-709f-4bbb-ba98-674ce6c56d6b" testListId="8c84fa94-04c1-424b-9868-57a2d4851a1d" />
    <TestEntry testId="33e2b75e-bb17-f909-860d-9f5aefc0fd98" executionId="cf178acf-0d84-4b82-a79b-d502caed54fe" testListId="8c84fa94-04c1-424b-9868-57a2d4851a1d" />
    <TestEntry testId="42440cec-2981-d354-88ea-aba3fef894b8" executionId="5bed563a-3d94-4a9f-9712-57986ed4d9e7" testListId="8c84fa94-04c1-424b-9868-57a2d4851a1d" />
    <TestEntry testId="b4f42420-a100-f55b-0fe5-d8203345f806" executionId="e4fe2bea-c116-4169-9e53-04e8f37646dc" testListId="8c84fa94-04c1-424b-9868-57a2d4851a1d" />
    <TestEntry testId="6ca360de-90f8-eda8-d816-61e61b164675" executionId="31d8d16b-2aab-4596-9c54-0f10348bed57" testListId="8c84fa94-04c1-424b-9868-57a2d4851a1d" />
    <TestEntry testId="c0970197-042d-181f-0a62-4aba2311ede1" executionId="19fee13e-9a0c-4be6-bb47-c9c9d8442cfc" testListId="8c84fa94-04c1-424b-9868-57a2d4851a1d" />
    <TestEntry testId="6335332a-9f25-f527-1f7c-baa707992296" executionId="9767f560-d09b-4f56-a032-9302a957b48a" testListId="8c84fa94-04c1-424b-9868-57a2d4851a1d" />
    <TestEntry testId="25e370b0-122e-8025-80d0-1e0ec8b49cc5" executionId="5e39310e-7f23-4708-9cfe-8907ebd37100" testListId="8c84fa94-04c1-424b-9868-57a2d4851a1d" />
    <TestEntry testId="34410e25-aa43-cb7b-5973-903b011988cb" executionId="db6c97a3-f8d5-42b1-a22a-43eba0c933d0" testListId="8c84fa94-04c1-424b-9868-57a2d4851a1d" />
    <TestEntry testId="1e8f2107-a23d-71af-78bd-ee3607fb20b1" executionId="1d45f617-6d25-4b3a-b962-428406f897c8" testListId="8c84fa94-04c1-424b-9868-57a2d4851a1d" />
    <TestEntry testId="d9d2e248-26ba-b237-d755-19dc3a00c49d" executionId="00488967-7eee-40ca-99ea-39c676c811c8" testListId="8c84fa94-04c1-424b-9868-57a2d4851a1d" />
    <TestEntry testId="88cf90a5-0d8b-1da3-50f3-591b015b091f" executionId="0cedf1c1-450d-4989-bc86-87875ceda0b4" testListId="8c84fa94-04c1-424b-9868-57a2d4851a1d" />
    <TestEntry testId="ccbc9f85-95c2-178a-8482-837ee0458e66" executionId="26d6cbd6-4fa0-4326-8923-1368a05af9ea" testListId="8c84fa94-04c1-424b-9868-57a2d4851a1d" />
    <TestEntry testId="9c7f3e6f-7060-e8c8-cbb1-fb23c2e839ae" executionId="0fd68691-98ea-46ce-affb-8ad6195f8aa3" testListId="8c84fa94-04c1-424b-9868-57a2d4851a1d" />
    <TestEntry testId="7a14a862-ac0b-4a76-d598-145bf4aba4fc" executionId="bade18d4-f377-4dbe-8f66-d0fc43588ef4" testListId="8c84fa94-04c1-424b-9868-57a2d4851a1d" />
    <TestEntry testId="4a352b35-f9a9-8d4f-cd18-ad188ceac6fa" executionId="86b0b3df-a5b7-40ad-8c9f-3332f67e30c6" testListId="8c84fa94-04c1-424b-9868-57a2d4851a1d" />
    <TestEntry testId="350b573a-ae54-7831-e68f-61fd7fcaaa33" executionId="722b6004-912f-473b-ac71-fa8bd593abde" testListId="8c84fa94-04c1-424b-9868-57a2d4851a1d" />
    <TestEntry testId="628e1dc1-2511-ad56-d229-870b86200812" executionId="5e21ca5f-7566-4640-8f27-a34ab4f75b43" testListId="8c84fa94-04c1-424b-9868-57a2d4851a1d" />
    <TestEntry testId="eff04b39-e4e9-f26b-bd02-2d7f8e9669cd" executionId="33cb22d0-e071-4815-9a05-74cccdfc9db5" testListId="8c84fa94-04c1-424b-9868-57a2d4851a1d" />
    <TestEntry testId="1d71f505-c56c-8ab4-dfdb-12ee9a068518" executionId="0e218d43-5be5-484c-a12a-d7456e18ad5c" testListId="8c84fa94-04c1-424b-9868-57a2d4851a1d" />
    <TestEntry testId="d2d7c3f5-591c-e5f3-164a-429907879670" executionId="468de7ef-8602-4aac-a590-5ea2123f05e5" testListId="8c84fa94-04c1-424b-9868-57a2d4851a1d" />
    <TestEntry testId="42d409ee-068b-9cdb-cb1d-d0dde1f10be2" executionId="753f40c9-eaad-4f84-b787-1af0b195c674" testListId="8c84fa94-04c1-424b-9868-57a2d4851a1d" />
    <TestEntry testId="38408f11-e5bf-ee3b-4a90-09fd0c6f861d" executionId="ef859fae-3536-466a-a272-f3f3490cadda" testListId="8c84fa94-04c1-424b-9868-57a2d4851a1d" />
    <TestEntry testId="30198201-2f56-c2bd-139b-92d9c9f5c319" executionId="7315aa3d-dcf9-4cd6-bd2a-0fddf7db1245" testListId="8c84fa94-04c1-424b-9868-57a2d4851a1d" />
    <TestEntry testId="74b7a86d-528f-874e-5979-e6ccce2f23bd" executionId="92a56c57-9ecb-42e2-b17c-9bbb0e2286ce" testListId="8c84fa94-04c1-424b-9868-57a2d4851a1d" />
    <TestEntry testId="7c1bea72-1169-7406-9b2e-464ac7b300f0" executionId="1ca647f8-ef3e-4e1f-b359-63dec0a9fd24" testListId="8c84fa94-04c1-424b-9868-57a2d4851a1d" />
    <TestEntry testId="ab6b26d5-a075-61c9-4993-9aedadb39362" executionId="2c026528-231f-49a8-a39b-b642730c3770" testListId="8c84fa94-04c1-424b-9868-57a2d4851a1d" />
    <TestEntry testId="27690749-20fb-441b-24e3-ea0ef72ab8cb" executionId="6d531203-3a98-4b7b-8574-4199a398e9c4" testListId="8c84fa94-04c1-424b-9868-57a2d4851a1d" />
  </TestEntries>
  <TestLists>
    <TestList name="Results Not in a List" id="8c84fa94-04c1-424b-9868-57a2d4851a1d" />
    <TestList name="All Loaded Results" id="19431567-8539-422a-85d7-44ee4e166bda" />
  </TestLists>
  <ResultSummary outcome="Completed">
    <Counters total="130" executed="130" passed="130" failed="0" error="0" timeout="0" aborted="0" inconclusive="0" passedButRunAborted="0" notRunnable="0" notExecuted="0" disconnected="0" warning="0" completed="0" inProgress="0" pending="0" />
    <Output>
      <StdOut>[xUnit.net 00:00:00.00] xUnit.net VSTest Adapter v2.8.2+699d445a1a (64-bit .NET 9.0.8)&#xD;
[xUnit.net 00:00:00.06]   Discovering: AISwarm.Tests&#xD;
[xUnit.net 00:00:00.11]   Discovered:  AISwarm.Tests&#xD;
[xUnit.net 00:00:00.11]   Starting:    AISwarm.Tests&#xD;
warn: Microsoft.EntityFrameworkCore.Model.Validation[20601]&#xD;
      The 'TaskPriority' property 'Priority' on entity type 'WorkItem' is configured with a database-generated default, but has no configured sentinel value. The database-generated default will always be used for inserts when the property has the value '0', since this is the CLR default for the 'TaskPriority' type. Consider using a nullable type, using a nullable backing field, or setting the sentinel value for the property to ensure the database default is used when, and only when, appropriate. See https://aka.ms/efcore-docs-default-values for more information.&#xD;
[xUnit.net 00:00:01.79]   Finished:    AISwarm.Tests&#xD;
</StdOut>
    </Output>
  </ResultSummary>
</TestRun>